<?xml version="1.0" encoding="UTF-8"?>
<coverage generated="1772539654948" clover="3.2.0">
  <project timestamp="1772539654948" name="All files">
    <metrics statements="207" coveredstatements="50" conditionals="143" coveredconditionals="35" methods="26" coveredmethods="5" elements="376" coveredelements="90" complexity="0" loc="207" ncloc="207" packages="1" files="3" classes="3"/>
    <file name="analyzer.js" path="/home/reinhold/HTL/gitCommitsDuringLesson/backend/services/analyzer.js">
      <metrics statements="66" coveredstatements="50" conditionals="56" coveredconditionals="35" methods="7" coveredmethods="5"/>
      <line num="13" count="11" type="stmt"/>
      <line num="14" count="11" type="stmt"/>
      <line num="16" count="11" type="cond" truecount="4" falsecount="0"/>
      <line num="18" count="3" type="stmt"/>
      <line num="19" count="8" type="cond" truecount="4" falsecount="0"/>
      <line num="21" count="7" type="stmt"/>
      <line num="23" count="1" type="stmt"/>
      <line num="32" count="3" type="stmt"/>
      <line num="33" count="3" type="stmt"/>
      <line num="35" count="3" type="stmt"/>
      <line num="36" count="3" type="stmt"/>
      <line num="38" count="3" type="stmt"/>
      <line num="39" count="3" type="stmt"/>
      <line num="41" count="3" type="stmt"/>
      <line num="50" count="7" type="stmt"/>
      <line num="52" count="7" type="stmt"/>
      <line num="57" count="7" type="stmt"/>
      <line num="58" count="7" type="stmt"/>
      <line num="60" count="7" type="cond" truecount="3" falsecount="1"/>
      <line num="61" count="0" type="stmt"/>
      <line num="64" count="7" type="stmt"/>
      <line num="65" count="7" type="stmt"/>
      <line num="69" count="7" type="stmt"/>
      <line num="70" count="7" type="stmt"/>
      <line num="72" count="7" type="stmt"/>
      <line num="73" count="7" type="stmt"/>
      <line num="74" count="7" type="stmt"/>
      <line num="77" count="7" type="cond" truecount="1" falsecount="1"/>
      <line num="78" count="0" type="stmt"/>
      <line num="82" count="7" type="stmt"/>
      <line num="83" count="7" type="cond" truecount="5" falsecount="1"/>
      <line num="84" count="1" type="stmt"/>
      <line num="87" count="7" type="stmt"/>
      <line num="88" count="7" type="stmt"/>
      <line num="89" count="7" type="stmt"/>
      <line num="91" count="7" type="stmt"/>
      <line num="102" count="5" type="stmt"/>
      <line num="103" count="5" type="stmt"/>
      <line num="104" count="5" type="stmt"/>
      <line num="105" count="5" type="stmt"/>
      <line num="106" count="5" type="stmt"/>
      <line num="108" count="5" type="stmt"/>
      <line num="110" count="8" type="cond" truecount="3" falsecount="3"/>
      <line num="111" count="0" type="stmt"/>
      <line num="115" count="8" type="cond" truecount="2" falsecount="3"/>
      <line num="116" count="0" type="stmt"/>
      <line num="117" count="0" type="stmt"/>
      <line num="119" count="0" type="stmt"/>
      <line num="121" count="0" type="stmt"/>
      <line num="122" count="0" type="cond" truecount="0" falsecount="2"/>
      <line num="123" count="0" type="cond" truecount="0" falsecount="2"/>
      <line num="124" count="0" type="cond" truecount="0" falsecount="2"/>
      <line num="128" count="0" type="cond" truecount="0" falsecount="4"/>
      <line num="129" count="0" type="stmt"/>
      <line num="130" count="0" type="stmt"/>
      <line num="131" count="0" type="stmt"/>
      <line num="132" count="0" type="stmt"/>
      <line num="133" count="0" type="stmt"/>
      <line num="135" count="8" type="cond" truecount="4" falsecount="0"/>
      <line num="137" count="7" type="cond" truecount="1" falsecount="1"/>
      <line num="138" count="7" type="cond" truecount="2" falsecount="0"/>
      <line num="139" count="7" type="cond" truecount="3" falsecount="1"/>
      <line num="140" count="7" type="stmt"/>
      <line num="141" count="7" type="stmt"/>
      <line num="145" count="5" type="cond" truecount="2" falsecount="0"/>
      <line num="149" count="5" type="stmt"/>
    </file>
    <file name="github.js" path="/home/reinhold/HTL/gitCommitsDuringLesson/backend/services/github.js">
      <metrics statements="46" coveredstatements="0" conditionals="12" coveredconditionals="0" methods="5" coveredmethods="0"/>
      <line num="5" count="0" type="stmt"/>
      <line num="6" count="0" type="stmt"/>
      <line num="7" count="0" type="stmt"/>
      <line num="17" count="0" type="stmt"/>
      <line num="18" count="0" type="stmt"/>
      <line num="19" count="0" type="stmt"/>
      <line num="20" count="0" type="stmt"/>
      <line num="22" count="0" type="stmt"/>
      <line num="23" count="0" type="stmt"/>
      <line num="32" count="0" type="cond" truecount="0" falsecount="2"/>
      <line num="33" count="0" type="stmt"/>
      <line num="35" count="0" type="stmt"/>
      <line num="37" count="0" type="cond" truecount="0" falsecount="2"/>
      <line num="38" count="0" type="stmt"/>
      <line num="40" count="0" type="stmt"/>
      <line num="44" count="0" type="stmt"/>
      <line num="46" count="0" type="stmt"/>
      <line num="47" count="0" type="stmt"/>
      <line num="52" count="0" type="stmt"/>
      <line num="53" count="0" type="stmt"/>
      <line num="54" count="0" type="stmt"/>
      <line num="55" count="0" type="stmt"/>
      <line num="56" count="0" type="stmt"/>
      <line num="57" count="0" type="stmt"/>
      <line num="59" count="0" type="stmt"/>
      <line num="60" count="0" type="stmt"/>
      <line num="69" count="0" type="cond" truecount="0" falsecount="2"/>
      <line num="70" count="0" type="stmt"/>
      <line num="73" count="0" type="stmt"/>
      <line num="74" count="0" type="stmt"/>
      <line num="75" count="0" type="cond" truecount="0" falsecount="2"/>
      <line num="78" count="0" type="stmt"/>
      <line num="82" count="0" type="cond" truecount="0" falsecount="2"/>
      <line num="83" count="0" type="stmt"/>
      <line num="86" count="0" type="stmt"/>
      <line num="87" count="0" type="cond" truecount="0" falsecount="2"/>
      <line num="88" count="0" type="stmt"/>
      <line num="90" count="0" type="stmt"/>
      <line num="96" count="0" type="stmt"/>
      <line num="98" count="0" type="stmt"/>
      <line num="99" count="0" type="stmt"/>
      <line num="104" count="0" type="stmt"/>
      <line num="105" count="0" type="stmt"/>
      <line num="106" count="0" type="stmt"/>
      <line num="108" count="0" type="stmt"/>
      <line num="109" count="0" type="stmt"/>
    </file>
    <file name="suspiciousActivityDetector.js" path="/home/reinhold/HTL/gitCommitsDuringLesson/backend/services/suspiciousActivityDetector.js">
      <metrics statements="95" coveredstatements="0" conditionals="75" coveredconditionals="0" methods="14" coveredmethods="0"/>
      <line num="3" count="0" type="stmt"/>
      <line num="28" count="0" type="cond" truecount="0" falsecount="4"/>
      <line num="29" count="0" type="stmt"/>
      <line num="32" count="0" type="stmt"/>
      <line num="33" count="0" type="stmt"/>
      <line num="36" count="0" type="stmt"/>
      <line num="37" count="0" type="stmt"/>
      <line num="41" count="0" type="cond" truecount="0" falsecount="2"/>
      <line num="42" count="0" type="cond" truecount="0" falsecount="2"/>
      <line num="43" count="0" type="stmt"/>
      <line num="46" count="0" type="cond" truecount="0" falsecount="2"/>
      <line num="47" count="0" type="stmt"/>
      <line num="48" count="0" type="stmt"/>
      <line num="49" count="0" type="stmt"/>
      <line num="51" count="0" type="cond" truecount="0" falsecount="4"/>
      <line num="53" count="0" type="cond" truecount="0" falsecount="4"/>
      <line num="54" count="0" type="stmt"/>
      <line num="56" count="0" type="stmt"/>
      <line num="57" count="0" type="stmt"/>
      <line num="59" count="0" type="stmt"/>
      <line num="65" count="0" type="stmt"/>
      <line num="70" count="0" type="stmt"/>
      <line num="71" count="0" type="cond" truecount="0" falsecount="4"/>
      <line num="72" count="0" type="cond" truecount="0" falsecount="2"/>
      <line num="73" count="0" type="stmt"/>
      <line num="79" count="0" type="stmt"/>
      <line num="84" count="0" type="cond" truecount="0" falsecount="4"/>
      <line num="85" count="0" type="cond" truecount="0" falsecount="2"/>
      <line num="86" count="0" type="cond" truecount="0" falsecount="2"/>
      <line num="87" count="0" type="stmt"/>
      <line num="93" count="0" type="stmt"/>
      <line num="98" count="0" type="cond" truecount="0" falsecount="2"/>
      <line num="99" count="0" type="stmt"/>
      <line num="100" count="0" type="cond" truecount="0" falsecount="2"/>
      <line num="101" count="0" type="stmt"/>
      <line num="107" count="0" type="stmt"/>
      <line num="109" count="0" type="cond" truecount="0" falsecount="2"/>
      <line num="111" count="0" type="stmt"/>
      <line num="117" count="0" type="stmt"/>
      <line num="121" count="0" type="cond" truecount="0" falsecount="2"/>
      <line num="122" count="0" type="stmt"/>
      <line num="123" count="0" type="stmt"/>
      <line num="124" count="0" type="stmt"/>
      <line num="127" count="0" type="stmt"/>
      <line num="128" count="0" type="cond" truecount="0" falsecount="5"/>
      <line num="131" count="0" type="stmt"/>
      <line num="137" count="0" type="stmt"/>
      <line num="141" count="0" type="stmt"/>
      <line num="142" count="0" type="stmt"/>
      <line num="143" count="0" type="stmt"/>
      <line num="144" count="0" type="stmt"/>
      <line num="145" count="0" type="cond" truecount="0" falsecount="4"/>
      <line num="147" count="0" type="cond" truecount="0" falsecount="2"/>
      <line num="148" count="0" type="stmt"/>
      <line num="149" count="0" type="cond" truecount="0" falsecount="2"/>
      <line num="150" count="0" type="stmt"/>
      <line num="156" count="0" type="stmt"/>
      <line num="157" count="0" type="stmt"/>
      <line num="164" count="0" type="stmt"/>
      <line num="165" count="0" type="stmt"/>
      <line num="166" count="0" type="cond" truecount="0" falsecount="2"/>
      <line num="167" count="0" type="cond" truecount="0" falsecount="4"/>
      <line num="168" count="0" type="stmt"/>
      <line num="172" count="0" type="cond" truecount="0" falsecount="4"/>
      <line num="173" count="0" type="stmt"/>
      <line num="179" count="0" type="stmt"/>
      <line num="180" count="0" type="cond" truecount="0" falsecount="2"/>
      <line num="181" count="0" type="stmt"/>
      <line num="187" count="0" type="stmt"/>
      <line num="190" count="0" type="stmt"/>
      <line num="206" count="0" type="stmt"/>
      <line num="208" count="0" type="cond" truecount="0" falsecount="2"/>
      <line num="209" count="0" type="stmt"/>
      <line num="210" count="0" type="stmt"/>
      <line num="213" count="0" type="stmt"/>
      <line num="214" count="0" type="stmt"/>
      <line num="216" count="0" type="stmt"/>
      <line num="217" count="0" type="cond" truecount="0" falsecount="4"/>
      <line num="218" count="0" type="stmt"/>
      <line num="219" count="0" type="stmt"/>
      <line num="221" count="0" type="stmt"/>
      <line num="222" count="0" type="cond" truecount="0" falsecount="4"/>
      <line num="223" count="0" type="stmt"/>
      <line num="227" count="0" type="stmt"/>
      <line num="228" count="0" type="stmt"/>
      <line num="231" count="0" type="stmt"/>
      <line num="232" count="0" type="stmt"/>
      <line num="234" count="0" type="stmt"/>
      <line num="235" count="0" type="stmt"/>
      <line num="244" count="0" type="stmt"/>
      <line num="245" count="0" type="stmt"/>
      <line num="246" count="0" type="stmt"/>
      <line num="247" count="0" type="stmt"/>
      <line num="248" count="0" type="stmt"/>
      <line num="249" count="0" type="stmt"/>
    </file>
  </project>
</coverage>
