{"/home/reinhold/HTL/gitCommitsDuringLesson/backend/services/analyzer.js": {"path":"/home/reinhold/HTL/gitCommitsDuringLesson/backend/services/analyzer.js","statementMap":{"0":{"start":{"line":13,"column":24},"end":{"line":13,"column":66}},"1":{"start":{"line":14,"column":22},"end":{"line":14,"column":62}},"2":{"start":{"line":16,"column":4},"end":{"line":24,"column":5}},"3":{"start":{"line":18,"column":6},"end":{"line":18,"column":92}},"4":{"start":{"line":19,"column":11},"end":{"line":24,"column":5}},"5":{"start":{"line":21,"column":6},"end":{"line":21,"column":95}},"6":{"start":{"line":23,"column":6},"end":{"line":23,"column":109}},"7":{"start":{"line":32,"column":34},"end":{"line":32,"column":66}},"8":{"start":{"line":33,"column":30},"end":{"line":33,"column":60}},"9":{"start":{"line":35,"column":22},"end":{"line":35,"column":44}},"10":{"start":{"line":36,"column":4},"end":{"line":36,"column":50}},"11":{"start":{"line":38,"column":20},"end":{"line":38,"column":40}},"12":{"start":{"line":39,"column":4},"end":{"line":39,"column":44}},"13":{"start":{"line":41,"column":4},"end":{"line":41,"column":48}},"14":{"start":{"line":50,"column":16},"end":{"line":50,"column":26}},"15":{"start":{"line":52,"column":19},"end":{"line":55,"column":5}},"16":{"start":{"line":57,"column":27},"end":{"line":57,"column":57}},"17":{"start":{"line":58,"column":25},"end":{"line":58,"column":53}},"18":{"start":{"line":60,"column":4},"end":{"line":62,"column":5}},"19":{"start":{"line":61,"column":6},"end":{"line":61,"column":81}},"20":{"start":{"line":64,"column":34},"end":{"line":64,"column":66}},"21":{"start":{"line":65,"column":30},"end":{"line":65,"column":60}},"22":{"start":{"line":69,"column":29},"end":{"line":69,"column":41}},"23":{"start":{"line":70,"column":28},"end":{"line":70,"column":71}},"24":{"start":{"line":72,"column":22},"end":{"line":72,"column":35}},"25":{"start":{"line":73,"column":4},"end":{"line":73,"column":61}},"26":{"start":{"line":74,"column":4},"end":{"line":74,"column":50}},"27":{"start":{"line":77,"column":4},"end":{"line":79,"column":5}},"28":{"start":{"line":78,"column":6},"end":{"line":78,"column":49}},"29":{"start":{"line":82,"column":27},"end":{"line":82,"column":66}},"30":{"start":{"line":83,"column":4},"end":{"line":85,"column":5}},"31":{"start":{"line":84,"column":6},"end":{"line":84,"column":27}},"32":{"start":{"line":87,"column":20},"end":{"line":87,"column":39}},"33":{"start":{"line":88,"column":4},"end":{"line":88,"column":58}},"34":{"start":{"line":89,"column":4},"end":{"line":89,"column":44}},"35":{"start":{"line":91,"column":4},"end":{"line":91,"column":48}},"36":{"start":{"line":102,"column":28},"end":{"line":102,"column":29}},"37":{"start":{"line":103,"column":25},"end":{"line":103,"column":26}},"38":{"start":{"line":104,"column":25},"end":{"line":104,"column":26}},"39":{"start":{"line":105,"column":27},"end":{"line":105,"column":29}},"40":{"start":{"line":106,"column":25},"end":{"line":106,"column":29}},"41":{"start":{"line":108,"column":4},"end":{"line":143,"column":7}},"42":{"start":{"line":110,"column":6},"end":{"line":112,"column":7}},"43":{"start":{"line":111,"column":8},"end":{"line":111,"column":51}},"44":{"start":{"line":115,"column":6},"end":{"line":142,"column":7}},"45":{"start":{"line":116,"column":30},"end":{"line":116,"column":31}},"46":{"start":{"line":117,"column":30},"end":{"line":117,"column":31}},"47":{"start":{"line":119,"column":8},"end":{"line":126,"column":11}},"48":{"start":{"line":121,"column":35},"end":{"line":121,"column":90}},"49":{"start":{"line":121,"column":62},"end":{"line":121,"column":89}},"50":{"start":{"line":122,"column":10},"end":{"line":125,"column":11}},"51":{"start":{"line":123,"column":12},"end":{"line":123,"column":51}},"52":{"start":{"line":124,"column":12},"end":{"line":124,"column":51}},"53":{"start":{"line":128,"column":8},"end":{"line":134,"column":9}},"54":{"start":{"line":129,"column":10},"end":{"line":129,"column":44}},"55":{"start":{"line":130,"column":10},"end":{"line":130,"column":44}},"56":{"start":{"line":131,"column":31},"end":{"line":131,"column":64}},"57":{"start":{"line":132,"column":10},"end":{"line":132,"column":44}},"58":{"start":{"line":133,"column":10},"end":{"line":133,"column":44}},"59":{"start":{"line":135,"column":13},"end":{"line":142,"column":7}},"60":{"start":{"line":137,"column":8},"end":{"line":137,"column":54}},"61":{"start":{"line":138,"column":8},"end":{"line":138,"column":54}},"62":{"start":{"line":139,"column":29},"end":{"line":139,"column":90}},"63":{"start":{"line":140,"column":8},"end":{"line":140,"column":42}},"64":{"start":{"line":141,"column":8},"end":{"line":141,"column":42}},"65":{"start":{"line":145,"column":30},"end":{"line":147,"column":9}},"66":{"start":{"line":149,"column":4},"end":{"line":157,"column":6}}},"fnMap":{"0":{"name":"(anonymous_0)","decl":{"start":{"line":11,"column":2},"end":{"line":11,"column":3}},"loc":{"start":{"line":11,"column":70},"end":{"line":25,"column":3}},"line":11},"1":{"name":"(anonymous_1)","decl":{"start":{"line":31,"column":2},"end":{"line":31,"column":3}},"loc":{"start":{"line":31,"column":72},"end":{"line":42,"column":3}},"line":31},"2":{"name":"(anonymous_2)","decl":{"start":{"line":49,"column":2},"end":{"line":49,"column":3}},"loc":{"start":{"line":49,"column":67},"end":{"line":92,"column":3}},"line":49},"3":{"name":"(anonymous_3)","decl":{"start":{"line":101,"column":2},"end":{"line":101,"column":3}},"loc":{"start":{"line":101,"column":49},"end":{"line":158,"column":3}},"line":101},"4":{"name":"(anonymous_4)","decl":{"start":{"line":108,"column":20},"end":{"line":108,"column":21}},"loc":{"start":{"line":108,"column":39},"end":{"line":143,"column":5}},"line":108},"5":{"name":"(anonymous_5)","decl":{"start":{"line":119,"column":29},"end":{"line":119,"column":30}},"loc":{"start":{"line":119,"column":37},"end":{"line":126,"column":9}},"line":119},"6":{"name":"(anonymous_6)","decl":{"start":{"line":121,"column":55},"end":{"line":121,"column":56}},"loc":{"start":{"line":121,"column":62},"end":{"line":121,"column":89}},"line":121}},"branchMap":{"0":{"loc":{"start":{"line":16,"column":4},"end":{"line":24,"column":5}},"type":"if","locations":[{"start":{"line":16,"column":4},"end":{"line":24,"column":5}},{"start":{"line":19,"column":11},"end":{"line":24,"column":5}}],"line":16},"1":{"loc":{"start":{"line":16,"column":8},"end":{"line":16,"column":32}},"type":"binary-expr","locations":[{"start":{"line":16,"column":8},"end":{"line":16,"column":19}},{"start":{"line":16,"column":23},"end":{"line":16,"column":32}}],"line":16},"2":{"loc":{"start":{"line":19,"column":11},"end":{"line":24,"column":5}},"type":"if","locations":[{"start":{"line":19,"column":11},"end":{"line":24,"column":5}},{"start":{"line":22,"column":11},"end":{"line":24,"column":5}}],"line":19},"3":{"loc":{"start":{"line":19,"column":15},"end":{"line":19,"column":41}},"type":"binary-expr","locations":[{"start":{"line":19,"column":15},"end":{"line":19,"column":27}},{"start":{"line":19,"column":31},"end":{"line":19,"column":41}}],"line":19},"4":{"loc":{"start":{"line":60,"column":4},"end":{"line":62,"column":5}},"type":"if","locations":[{"start":{"line":60,"column":4},"end":{"line":62,"column":5}},{"start":{},"end":{}}],"line":60},"5":{"loc":{"start":{"line":60,"column":8},"end":{"line":60,"column":66}},"type":"binary-expr","locations":[{"start":{"line":60,"column":8},"end":{"line":60,"column":36}},{"start":{"line":60,"column":40},"end":{"line":60,"column":66}}],"line":60},"6":{"loc":{"start":{"line":77,"column":4},"end":{"line":79,"column":5}},"type":"if","locations":[{"start":{"line":77,"column":4},"end":{"line":79,"column":5}},{"start":{},"end":{}}],"line":77},"7":{"loc":{"start":{"line":83,"column":4},"end":{"line":85,"column":5}},"type":"if","locations":[{"start":{"line":83,"column":4},"end":{"line":85,"column":5}},{"start":{},"end":{}}],"line":83},"8":{"loc":{"start":{"line":83,"column":8},"end":{"line":83,"column":103}},"type":"binary-expr","locations":[{"start":{"line":83,"column":8},"end":{"line":83,"column":30}},{"start":{"line":83,"column":35},"end":{"line":83,"column":54}},{"start":{"line":83,"column":59},"end":{"line":83,"column":80}},{"start":{"line":83,"column":84},"end":{"line":83,"column":101}}],"line":83},"9":{"loc":{"start":{"line":101,"column":26},"end":{"line":101,"column":47}},"type":"default-arg","locations":[{"start":{"line":101,"column":43},"end":{"line":101,"column":47}}],"line":101},"10":{"loc":{"start":{"line":110,"column":6},"end":{"line":112,"column":7}},"type":"if","locations":[{"start":{"line":110,"column":6},"end":{"line":112,"column":7}},{"start":{},"end":{}}],"line":110},"11":{"loc":{"start":{"line":110,"column":10},"end":{"line":110,"column":91}},"type":"binary-expr","locations":[{"start":{"line":110,"column":10},"end":{"line":110,"column":21}},{"start":{"line":110,"column":25},"end":{"line":110,"column":38}},{"start":{"line":110,"column":42},"end":{"line":110,"column":62}},{"start":{"line":110,"column":66},"end":{"line":110,"column":91}}],"line":110},"12":{"loc":{"start":{"line":115,"column":6},"end":{"line":142,"column":7}},"type":"if","locations":[{"start":{"line":115,"column":6},"end":{"line":142,"column":7}},{"start":{"line":135,"column":13},"end":{"line":142,"column":7}}],"line":115},"13":{"loc":{"start":{"line":115,"column":10},"end":{"line":115,"column":67}},"type":"binary-expr","locations":[{"start":{"line":115,"column":10},"end":{"line":115,"column":24}},{"start":{"line":115,"column":28},"end":{"line":115,"column":40}},{"start":{"line":115,"column":44},"end":{"line":115,"column":67}}],"line":115},"14":{"loc":{"start":{"line":122,"column":10},"end":{"line":125,"column":11}},"type":"if","locations":[{"start":{"line":122,"column":10},"end":{"line":125,"column":11}},{"start":{},"end":{}}],"line":122},"15":{"loc":{"start":{"line":123,"column":31},"end":{"line":123,"column":50}},"type":"binary-expr","locations":[{"start":{"line":123,"column":31},"end":{"line":123,"column":45}},{"start":{"line":123,"column":49},"end":{"line":123,"column":50}}],"line":123},"16":{"loc":{"start":{"line":124,"column":31},"end":{"line":124,"column":50}},"type":"binary-expr","locations":[{"start":{"line":124,"column":31},"end":{"line":124,"column":45}},{"start":{"line":124,"column":49},"end":{"line":124,"column":50}}],"line":124},"17":{"loc":{"start":{"line":128,"column":8},"end":{"line":134,"column":9}},"type":"if","locations":[{"start":{"line":128,"column":8},"end":{"line":134,"column":9}},{"start":{},"end":{}}],"line":128},"18":{"loc":{"start":{"line":128,"column":12},"end":{"line":128,"column":54}},"type":"binary-expr","locations":[{"start":{"line":128,"column":12},"end":{"line":128,"column":31}},{"start":{"line":128,"column":35},"end":{"line":128,"column":54}}],"line":128},"19":{"loc":{"start":{"line":135,"column":13},"end":{"line":142,"column":7}},"type":"if","locations":[{"start":{"line":135,"column":13},"end":{"line":142,"column":7}},{"start":{},"end":{}}],"line":135},"20":{"loc":{"start":{"line":135,"column":17},"end":{"line":135,"column":48}},"type":"binary-expr","locations":[{"start":{"line":135,"column":17},"end":{"line":135,"column":32}},{"start":{"line":135,"column":36},"end":{"line":135,"column":48}}],"line":135},"21":{"loc":{"start":{"line":137,"column":26},"end":{"line":137,"column":53}},"type":"binary-expr","locations":[{"start":{"line":137,"column":26},"end":{"line":137,"column":48}},{"start":{"line":137,"column":52},"end":{"line":137,"column":53}}],"line":137},"22":{"loc":{"start":{"line":138,"column":26},"end":{"line":138,"column":53}},"type":"binary-expr","locations":[{"start":{"line":138,"column":26},"end":{"line":138,"column":48}},{"start":{"line":138,"column":52},"end":{"line":138,"column":53}}],"line":138},"23":{"loc":{"start":{"line":139,"column":30},"end":{"line":139,"column":57}},"type":"binary-expr","locations":[{"start":{"line":139,"column":30},"end":{"line":139,"column":52}},{"start":{"line":139,"column":56},"end":{"line":139,"column":57}}],"line":139},"24":{"loc":{"start":{"line":139,"column":62},"end":{"line":139,"column":89}},"type":"binary-expr","locations":[{"start":{"line":139,"column":62},"end":{"line":139,"column":84}},{"start":{"line":139,"column":88},"end":{"line":139,"column":89}}],"line":139},"25":{"loc":{"start":{"line":145,"column":30},"end":{"line":147,"column":9}},"type":"cond-expr","locations":[{"start":{"line":146,"column":8},"end":{"line":146,"column":61}},{"start":{"line":147,"column":8},"end":{"line":147,"column":9}}],"line":145}},"s":{"0":11,"1":11,"2":11,"3":3,"4":8,"5":7,"6":1,"7":3,"8":3,"9":3,"10":3,"11":3,"12":3,"13":3,"14":7,"15":7,"16":7,"17":7,"18":7,"19":0,"20":7,"21":7,"22":7,"23":7,"24":7,"25":7,"26":7,"27":7,"28":0,"29":7,"30":7,"31":1,"32":7,"33":7,"34":7,"35":7,"36":5,"37":5,"38":5,"39":5,"40":5,"41":5,"42":8,"43":0,"44":8,"45":0,"46":0,"47":0,"48":0,"49":0,"50":0,"51":0,"52":0,"53":0,"54":0,"55":0,"56":0,"57":0,"58":0,"59":8,"60":7,"61":7,"62":7,"63":7,"64":7,"65":5,"66":5},"f":{"0":11,"1":3,"2":7,"3":5,"4":8,"5":0,"6":0},"b":{"0":[3,8],"1":[11,4],"2":[7,1],"3":[8,7],"4":[0,7],"5":[7,7],"6":[0,7],"7":[1,6],"8":[7,3,2,0],"9":[5],"10":[0,8],"11":[8,4,0,0],"12":[0,8],"13":[8,0,0],"14":[0,0],"15":[0,0],"16":[0,0],"17":[0,0],"18":[0,0],"19":[7,1],"20":[8,8],"21":[7,0],"22":[7,2],"23":[7,0],"24":[7,2],"25":[4,1]},"_coverageSchema":"1a1c01bbd47fc00a2c39e90264f33305004495a9","hash":"139188427879d97aa65e2ff52b632dc198d842bd"}
,"/home/reinhold/HTL/gitCommitsDuringLesson/backend/services/github.js": {"path":"/home/reinhold/HTL/gitCommitsDuringLesson/backend/services/github.js","statementMap":{"0":{"start":{"line":5,"column":4},"end":{"line":5,"column":23}},"1":{"start":{"line":6,"column":4},"end":{"line":6,"column":44}},"2":{"start":{"line":7,"column":4},"end":{"line":13,"column":7}},"3":{"start":{"line":17,"column":4},"end":{"line":48,"column":5}},"4":{"start":{"line":18,"column":21},"end":{"line":18,"column":23}},"5":{"start":{"line":19,"column":17},"end":{"line":19,"column":18}},"6":{"start":{"line":20,"column":20},"end":{"line":20,"column":24}},"7":{"start":{"line":22,"column":6},"end":{"line":42,"column":7}},"8":{"start":{"line":23,"column":25},"end":{"line":30,"column":10}},"9":{"start":{"line":32,"column":8},"end":{"line":41,"column":9}},"10":{"start":{"line":33,"column":10},"end":{"line":33,"column":26}},"11":{"start":{"line":35,"column":10},"end":{"line":35,"column":52}},"12":{"start":{"line":37,"column":10},"end":{"line":39,"column":11}},"13":{"start":{"line":38,"column":12},"end":{"line":38,"column":28}},"14":{"start":{"line":40,"column":10},"end":{"line":40,"column":17}},"15":{"start":{"line":44,"column":6},"end":{"line":44,"column":22}},"16":{"start":{"line":46,"column":6},"end":{"line":46,"column":75}},"17":{"start":{"line":47,"column":6},"end":{"line":47,"column":16}},"18":{"start":{"line":52,"column":4},"end":{"line":100,"column":5}},"19":{"start":{"line":53,"column":23},"end":{"line":53,"column":25}},"20":{"start":{"line":54,"column":17},"end":{"line":54,"column":18}},"21":{"start":{"line":55,"column":20},"end":{"line":55,"column":24}},"22":{"start":{"line":56,"column":22},"end":{"line":56,"column":37}},"23":{"start":{"line":57,"column":22},"end":{"line":57,"column":37}},"24":{"start":{"line":59,"column":6},"end":{"line":94,"column":7}},"25":{"start":{"line":60,"column":25},"end":{"line":67,"column":10}},"26":{"start":{"line":69,"column":8},"end":{"line":93,"column":9}},"27":{"start":{"line":70,"column":10},"end":{"line":70,"column":26}},"28":{"start":{"line":73,"column":27},"end":{"line":76,"column":12}},"29":{"start":{"line":74,"column":31},"end":{"line":74,"column":76}},"30":{"start":{"line":75,"column":12},"end":{"line":75,"column":66}},"31":{"start":{"line":78,"column":10},"end":{"line":78,"column":51}},"32":{"start":{"line":82,"column":10},"end":{"line":92,"column":11}},"33":{"start":{"line":83,"column":12},"end":{"line":83,"column":28}},"34":{"start":{"line":86,"column":37},"end":{"line":86,"column":115}},"35":{"start":{"line":87,"column":12},"end":{"line":91,"column":13}},"36":{"start":{"line":88,"column":14},"end":{"line":88,"column":30}},"37":{"start":{"line":90,"column":14},"end":{"line":90,"column":21}},"38":{"start":{"line":96,"column":6},"end":{"line":96,"column":24}},"39":{"start":{"line":98,"column":6},"end":{"line":98,"column":83}},"40":{"start":{"line":99,"column":6},"end":{"line":99,"column":16}},"41":{"start":{"line":104,"column":4},"end":{"line":110,"column":5}},"42":{"start":{"line":105,"column":23},"end":{"line":105,"column":86}},"43":{"start":{"line":106,"column":6},"end":{"line":106,"column":27}},"44":{"start":{"line":108,"column":6},"end":{"line":108,"column":80}},"45":{"start":{"line":109,"column":6},"end":{"line":109,"column":18}}},"fnMap":{"0":{"name":"(anonymous_0)","decl":{"start":{"line":4,"column":2},"end":{"line":4,"column":3}},"loc":{"start":{"line":4,"column":21},"end":{"line":14,"column":3}},"line":4},"1":{"name":"(anonymous_1)","decl":{"start":{"line":16,"column":2},"end":{"line":16,"column":3}},"loc":{"start":{"line":16,"column":32},"end":{"line":49,"column":3}},"line":16},"2":{"name":"(anonymous_2)","decl":{"start":{"line":51,"column":2},"end":{"line":51,"column":3}},"loc":{"start":{"line":51,"column":56},"end":{"line":101,"column":3}},"line":51},"3":{"name":"(anonymous_3)","decl":{"start":{"line":73,"column":48},"end":{"line":73,"column":49}},"loc":{"start":{"line":73,"column":58},"end":{"line":76,"column":11}},"line":73},"4":{"name":"(anonymous_4)","decl":{"start":{"line":103,"column":2},"end":{"line":103,"column":3}},"loc":{"start":{"line":103,"column":43},"end":{"line":111,"column":3}},"line":103}},"branchMap":{"0":{"loc":{"start":{"line":32,"column":8},"end":{"line":41,"column":9}},"type":"if","locations":[{"start":{"line":32,"column":8},"end":{"line":41,"column":9}},{"start":{"line":34,"column":15},"end":{"line":41,"column":9}}],"line":32},"1":{"loc":{"start":{"line":37,"column":10},"end":{"line":39,"column":11}},"type":"if","locations":[{"start":{"line":37,"column":10},"end":{"line":39,"column":11}},{"start":{},"end":{}}],"line":37},"2":{"loc":{"start":{"line":69,"column":8},"end":{"line":93,"column":9}},"type":"if","locations":[{"start":{"line":69,"column":8},"end":{"line":93,"column":9}},{"start":{"line":71,"column":15},"end":{"line":93,"column":9}}],"line":69},"3":{"loc":{"start":{"line":75,"column":19},"end":{"line":75,"column":65}},"type":"binary-expr","locations":[{"start":{"line":75,"column":19},"end":{"line":75,"column":40}},{"start":{"line":75,"column":44},"end":{"line":75,"column":65}}],"line":75},"4":{"loc":{"start":{"line":82,"column":10},"end":{"line":92,"column":11}},"type":"if","locations":[{"start":{"line":82,"column":10},"end":{"line":92,"column":11}},{"start":{"line":84,"column":17},"end":{"line":92,"column":11}}],"line":82},"5":{"loc":{"start":{"line":87,"column":12},"end":{"line":91,"column":13}},"type":"if","locations":[{"start":{"line":87,"column":12},"end":{"line":91,"column":13}},{"start":{"line":89,"column":19},"end":{"line":91,"column":13}}],"line":87}},"s":{"0":0,"1":0,"2":0,"3":0,"4":0,"5":0,"6":0,"7":0,"8":0,"9":0,"10":0,"11":0,"12":0,"13":0,"14":0,"15":0,"16":0,"17":0,"18":0,"19":0,"20":0,"21":0,"22":0,"23":0,"24":0,"25":0,"26":0,"27":0,"28":0,"29":0,"30":0,"31":0,"32":0,"33":0,"34":0,"35":0,"36":0,"37":0,"38":0,"39":0,"40":0,"41":0,"42":0,"43":0,"44":0,"45":0},"f":{"0":0,"1":0,"2":0,"3":0,"4":0},"b":{"0":[0,0],"1":[0,0],"2":[0,0],"3":[0,0],"4":[0,0],"5":[0,0]}}
,"/home/reinhold/HTL/gitCommitsDuringLesson/backend/services/suspiciousActivityDetector.js": {"path":"/home/reinhold/HTL/gitCommitsDuringLesson/backend/services/suspiciousActivityDetector.js","statementMap":{"0":{"start":{"line":3,"column":4},"end":{"line":18,"column":6}},"1":{"start":{"line":28,"column":4},"end":{"line":30,"column":5}},"2":{"start":{"line":29,"column":6},"end":{"line":29,"column":47}},"3":{"start":{"line":32,"column":18},"end":{"line":32,"column":20}},"4":{"start":{"line":33,"column":16},"end":{"line":33,"column":17}},"5":{"start":{"line":36,"column":26},"end":{"line":38,"column":5}},"6":{"start":{"line":37,"column":6},"end":{"line":37,"column":69}},"7":{"start":{"line":41,"column":27},"end":{"line":41,"column":95}},"8":{"start":{"line":41,"column":60},"end":{"line":41,"column":91}},"9":{"start":{"line":42,"column":27},"end":{"line":42,"column":95}},"10":{"start":{"line":42,"column":60},"end":{"line":42,"column":91}},"11":{"start":{"line":43,"column":23},"end":{"line":43,"column":54}},"12":{"start":{"line":46,"column":4},"end":{"line":67,"column":5}},"13":{"start":{"line":47,"column":24},"end":{"line":47,"column":69}},"14":{"start":{"line":48,"column":23},"end":{"line":48,"column":91}},"15":{"start":{"line":49,"column":30},"end":{"line":49,"column":64}},"16":{"start":{"line":51,"column":6},"end":{"line":66,"column":7}},"17":{"start":{"line":53,"column":25},"end":{"line":53,"column":93}},"18":{"start":{"line":54,"column":27},"end":{"line":54,"column":29}},"19":{"start":{"line":56,"column":36},"end":{"line":56,"column":65}},"20":{"start":{"line":57,"column":23},"end":{"line":57,"column":67}},"21":{"start":{"line":59,"column":8},"end":{"line":64,"column":11}},"22":{"start":{"line":65,"column":8},"end":{"line":65,"column":24}},"23":{"start":{"line":70,"column":4},"end":{"line":81,"column":7}},"24":{"start":{"line":71,"column":26},"end":{"line":71,"column":89}},"25":{"start":{"line":72,"column":6},"end":{"line":80,"column":7}},"26":{"start":{"line":73,"column":8},"end":{"line":78,"column":11}},"27":{"start":{"line":79,"column":8},"end":{"line":79,"column":20}},"28":{"start":{"line":84,"column":4},"end":{"line":95,"column":5}},"29":{"start":{"line":85,"column":20},"end":{"line":85,"column":57}},"30":{"start":{"line":86,"column":6},"end":{"line":94,"column":7}},"31":{"start":{"line":87,"column":8},"end":{"line":92,"column":11}},"32":{"start":{"line":93,"column":8},"end":{"line":93,"column":20}},"33":{"start":{"line":98,"column":4},"end":{"line":118,"column":5}},"34":{"start":{"line":99,"column":20},"end":{"line":99,"column":51}},"35":{"start":{"line":100,"column":6},"end":{"line":108,"column":7}},"36":{"start":{"line":101,"column":8},"end":{"line":106,"column":11}},"37":{"start":{"line":107,"column":8},"end":{"line":107,"column":20}},"38":{"start":{"line":109,"column":11},"end":{"line":118,"column":5}},"39":{"start":{"line":111,"column":6},"end":{"line":116,"column":9}},"40":{"start":{"line":117,"column":6},"end":{"line":117,"column":18}},"41":{"start":{"line":121,"column":4},"end":{"line":161,"column":5}},"42":{"start":{"line":122,"column":24},"end":{"line":122,"column":69}},"43":{"start":{"line":123,"column":23},"end":{"line":123,"column":91}},"44":{"start":{"line":124,"column":30},"end":{"line":124,"column":59}},"45":{"start":{"line":127,"column":41},"end":{"line":127,"column":84}},"46":{"start":{"line":127,"column":57},"end":{"line":127,"column":83}},"47":{"start":{"line":128,"column":6},"end":{"line":138,"column":7}},"48":{"start":{"line":131,"column":8},"end":{"line":136,"column":11}},"49":{"start":{"line":137,"column":8},"end":{"line":137,"column":20}},"50":{"start":{"line":141,"column":6},"end":{"line":160,"column":7}},"51":{"start":{"line":141,"column":19},"end":{"line":141,"column":20}},"52":{"start":{"line":142,"column":21},"end":{"line":142,"column":41}},"53":{"start":{"line":143,"column":21},"end":{"line":143,"column":37}},"54":{"start":{"line":144,"column":25},"end":{"line":144,"column":108}},"55":{"start":{"line":145,"column":26},"end":{"line":145,"column":85}},"56":{"start":{"line":147,"column":8},"end":{"line":159,"column":9}},"57":{"start":{"line":148,"column":33},"end":{"line":148,"column":53}},"58":{"start":{"line":149,"column":10},"end":{"line":158,"column":11}},"59":{"start":{"line":150,"column":12},"end":{"line":155,"column":15}},"60":{"start":{"line":156,"column":12},"end":{"line":156,"column":24}},"61":{"start":{"line":157,"column":12},"end":{"line":157,"column":18}},"62":{"start":{"line":164,"column":23},"end":{"line":164,"column":24}},"63":{"start":{"line":165,"column":4},"end":{"line":170,"column":7}},"64":{"start":{"line":166,"column":18},"end":{"line":166,"column":68}},"65":{"start":{"line":167,"column":6},"end":{"line":169,"column":7}},"66":{"start":{"line":168,"column":8},"end":{"line":168,"column":23}},"67":{"start":{"line":172,"column":4},"end":{"line":188,"column":5}},"68":{"start":{"line":173,"column":6},"end":{"line":178,"column":9}},"69":{"start":{"line":179,"column":6},"end":{"line":179,"column":17}},"70":{"start":{"line":180,"column":11},"end":{"line":188,"column":5}},"71":{"start":{"line":181,"column":6},"end":{"line":186,"column":9}},"72":{"start":{"line":187,"column":6},"end":{"line":187,"column":17}},"73":{"start":{"line":190,"column":4},"end":{"line":196,"column":6}},"74":{"start":{"line":206,"column":23},"end":{"line":206,"column":89}},"75":{"start":{"line":206,"column":43},"end":{"line":206,"column":54}},"76":{"start":{"line":206,"column":71},"end":{"line":206,"column":88}},"77":{"start":{"line":208,"column":4},"end":{"line":211,"column":5}},"78":{"start":{"line":209,"column":6},"end":{"line":209,"column":60}},"79":{"start":{"line":210,"column":6},"end":{"line":210,"column":13}},"80":{"start":{"line":213,"column":4},"end":{"line":213,"column":52}},"81":{"start":{"line":214,"column":4},"end":{"line":214,"column":32}},"82":{"start":{"line":216,"column":4},"end":{"line":225,"column":7}},"83":{"start":{"line":217,"column":20},"end":{"line":217,"column":80}},"84":{"start":{"line":218,"column":6},"end":{"line":218,"column":90}},"85":{"start":{"line":219,"column":6},"end":{"line":219,"column":93}},"86":{"start":{"line":221,"column":6},"end":{"line":224,"column":9}},"87":{"start":{"line":222,"column":25},"end":{"line":222,"column":100}},"88":{"start":{"line":223,"column":8},"end":{"line":223,"column":79}},"89":{"start":{"line":227,"column":4},"end":{"line":227,"column":39}},"90":{"start":{"line":228,"column":4},"end":{"line":228,"column":84}},"91":{"start":{"line":231,"column":21},"end":{"line":231,"column":50}},"92":{"start":{"line":232,"column":21},"end":{"line":232,"column":50}},"93":{"start":{"line":234,"column":4},"end":{"line":234,"column":100}},"94":{"start":{"line":235,"column":4},"end":{"line":235,"column":127}},"95":{"start":{"line":244,"column":17},"end":{"line":244,"column":35}},"96":{"start":{"line":245,"column":18},"end":{"line":245,"column":62}},"97":{"start":{"line":246,"column":16},"end":{"line":246,"column":55}},"98":{"start":{"line":247,"column":18},"end":{"line":247,"column":58}},"99":{"start":{"line":248,"column":20},"end":{"line":248,"column":62}},"100":{"start":{"line":249,"column":4},"end":{"line":249,"column":57}}},"fnMap":{"0":{"name":"(anonymous_0)","decl":{"start":{"line":2,"column":2},"end":{"line":2,"column":3}},"loc":{"start":{"line":2,"column":16},"end":{"line":19,"column":3}},"line":2},"1":{"name":"(anonymous_1)","decl":{"start":{"line":27,"column":2},"end":{"line":27,"column":3}},"loc":{"start":{"line":27,"column":29},"end":{"line":197,"column":3}},"line":27},"2":{"name":"(anonymous_2)","decl":{"start":{"line":36,"column":44},"end":{"line":36,"column":45}},"loc":{"start":{"line":37,"column":6},"end":{"line":37,"column":69}},"line":37},"3":{"name":"(anonymous_3)","decl":{"start":{"line":41,"column":48},"end":{"line":41,"column":49}},"loc":{"start":{"line":41,"column":60},"end":{"line":41,"column":91}},"line":41},"4":{"name":"(anonymous_4)","decl":{"start":{"line":42,"column":48},"end":{"line":42,"column":49}},"loc":{"start":{"line":42,"column":60},"end":{"line":42,"column":91}},"line":42},"5":{"name":"(anonymous_5)","decl":{"start":{"line":70,"column":26},"end":{"line":70,"column":27}},"loc":{"start":{"line":70,"column":43},"end":{"line":81,"column":5}},"line":70},"6":{"name":"(anonymous_6)","decl":{"start":{"line":127,"column":52},"end":{"line":127,"column":53}},"loc":{"start":{"line":127,"column":57},"end":{"line":127,"column":83}},"line":127},"7":{"name":"(anonymous_7)","decl":{"start":{"line":165,"column":26},"end":{"line":165,"column":27}},"loc":{"start":{"line":165,"column":38},"end":{"line":170,"column":5}},"line":165},"8":{"name":"(anonymous_8)","decl":{"start":{"line":205,"column":2},"end":{"line":205,"column":3}},"loc":{"start":{"line":205,"column":37},"end":{"line":236,"column":3}},"line":205},"9":{"name":"(anonymous_9)","decl":{"start":{"line":206,"column":38},"end":{"line":206,"column":39}},"loc":{"start":{"line":206,"column":43},"end":{"line":206,"column":54}},"line":206},"10":{"name":"(anonymous_10)","decl":{"start":{"line":206,"column":61},"end":{"line":206,"column":62}},"loc":{"start":{"line":206,"column":71},"end":{"line":206,"column":88}},"line":206},"11":{"name":"(anonymous_11)","decl":{"start":{"line":216,"column":23},"end":{"line":216,"column":24}},"loc":{"start":{"line":216,"column":33},"end":{"line":225,"column":5}},"line":216},"12":{"name":"(anonymous_12)","decl":{"start":{"line":221,"column":27},"end":{"line":221,"column":28}},"loc":{"start":{"line":221,"column":35},"end":{"line":224,"column":7}},"line":221},"13":{"name":"(anonymous_13)","decl":{"start":{"line":243,"column":2},"end":{"line":243,"column":3}},"loc":{"start":{"line":243,"column":26},"end":{"line":250,"column":3}},"line":243}},"branchMap":{"0":{"loc":{"start":{"line":28,"column":4},"end":{"line":30,"column":5}},"type":"if","locations":[{"start":{"line":28,"column":4},"end":{"line":30,"column":5}},{"start":{},"end":{}}],"line":28},"1":{"loc":{"start":{"line":28,"column":8},"end":{"line":28,"column":40}},"type":"binary-expr","locations":[{"start":{"line":28,"column":8},"end":{"line":28,"column":16}},{"start":{"line":28,"column":20},"end":{"line":28,"column":40}}],"line":28},"2":{"loc":{"start":{"line":41,"column":67},"end":{"line":41,"column":90}},"type":"binary-expr","locations":[{"start":{"line":41,"column":67},"end":{"line":41,"column":85}},{"start":{"line":41,"column":89},"end":{"line":41,"column":90}}],"line":41},"3":{"loc":{"start":{"line":42,"column":67},"end":{"line":42,"column":90}},"type":"binary-expr","locations":[{"start":{"line":42,"column":67},"end":{"line":42,"column":85}},{"start":{"line":42,"column":89},"end":{"line":42,"column":90}}],"line":42},"4":{"loc":{"start":{"line":46,"column":4},"end":{"line":67,"column":5}},"type":"if","locations":[{"start":{"line":46,"column":4},"end":{"line":67,"column":5}},{"start":{},"end":{}}],"line":46},"5":{"loc":{"start":{"line":51,"column":6},"end":{"line":66,"column":7}},"type":"if","locations":[{"start":{"line":51,"column":6},"end":{"line":66,"column":7}},{"start":{},"end":{}}],"line":51},"6":{"loc":{"start":{"line":51,"column":10},"end":{"line":52,"column":67}},"type":"binary-expr","locations":[{"start":{"line":51,"column":10},"end":{"line":51,"column":60}},{"start":{"line":52,"column":10},"end":{"line":52,"column":67}}],"line":51},"7":{"loc":{"start":{"line":53,"column":25},"end":{"line":53,"column":93}},"type":"cond-expr","locations":[{"start":{"line":53,"column":45},"end":{"line":53,"column":51}},{"start":{"line":53,"column":54},"end":{"line":53,"column":93}}],"line":53},"8":{"loc":{"start":{"line":53,"column":54},"end":{"line":53,"column":93}},"type":"cond-expr","locations":[{"start":{"line":53,"column":74},"end":{"line":53,"column":82}},{"start":{"line":53,"column":85},"end":{"line":53,"column":93}}],"line":53},"9":{"loc":{"start":{"line":71,"column":27},"end":{"line":71,"column":55}},"type":"binary-expr","locations":[{"start":{"line":71,"column":27},"end":{"line":71,"column":50}},{"start":{"line":71,"column":54},"end":{"line":71,"column":55}}],"line":71},"10":{"loc":{"start":{"line":71,"column":60},"end":{"line":71,"column":88}},"type":"binary-expr","locations":[{"start":{"line":71,"column":60},"end":{"line":71,"column":83}},{"start":{"line":71,"column":87},"end":{"line":71,"column":88}}],"line":71},"11":{"loc":{"start":{"line":72,"column":6},"end":{"line":80,"column":7}},"type":"if","locations":[{"start":{"line":72,"column":6},"end":{"line":80,"column":7}},{"start":{},"end":{}}],"line":72},"12":{"loc":{"start":{"line":84,"column":4},"end":{"line":95,"column":5}},"type":"if","locations":[{"start":{"line":84,"column":4},"end":{"line":95,"column":5}},{"start":{},"end":{}}],"line":84},"13":{"loc":{"start":{"line":84,"column":8},"end":{"line":84,"column":60}},"type":"binary-expr","locations":[{"start":{"line":84,"column":8},"end":{"line":84,"column":34}},{"start":{"line":84,"column":38},"end":{"line":84,"column":60}}],"line":84},"14":{"loc":{"start":{"line":85,"column":20},"end":{"line":85,"column":57}},"type":"binary-expr","locations":[{"start":{"line":85,"column":20},"end":{"line":85,"column":52}},{"start":{"line":85,"column":56},"end":{"line":85,"column":57}}],"line":85},"15":{"loc":{"start":{"line":86,"column":6},"end":{"line":94,"column":7}},"type":"if","locations":[{"start":{"line":86,"column":6},"end":{"line":94,"column":7}},{"start":{},"end":{}}],"line":86},"16":{"loc":{"start":{"line":98,"column":4},"end":{"line":118,"column":5}},"type":"if","locations":[{"start":{"line":98,"column":4},"end":{"line":118,"column":5}},{"start":{"line":109,"column":11},"end":{"line":118,"column":5}}],"line":98},"17":{"loc":{"start":{"line":100,"column":6},"end":{"line":108,"column":7}},"type":"if","locations":[{"start":{"line":100,"column":6},"end":{"line":108,"column":7}},{"start":{},"end":{}}],"line":100},"18":{"loc":{"start":{"line":109,"column":11},"end":{"line":118,"column":5}},"type":"if","locations":[{"start":{"line":109,"column":11},"end":{"line":118,"column":5}},{"start":{},"end":{}}],"line":109},"19":{"loc":{"start":{"line":121,"column":4},"end":{"line":161,"column":5}},"type":"if","locations":[{"start":{"line":121,"column":4},"end":{"line":161,"column":5}},{"start":{},"end":{}}],"line":121},"20":{"loc":{"start":{"line":128,"column":6},"end":{"line":138,"column":7}},"type":"if","locations":[{"start":{"line":128,"column":6},"end":{"line":138,"column":7}},{"start":{},"end":{}}],"line":128},"21":{"loc":{"start":{"line":128,"column":10},"end":{"line":130,"column":37}},"type":"binary-expr","locations":[{"start":{"line":128,"column":10},"end":{"line":128,"column":61}},{"start":{"line":129,"column":10},"end":{"line":129,"column":35}},{"start":{"line":130,"column":10},"end":{"line":130,"column":37}}],"line":128},"22":{"loc":{"start":{"line":145,"column":27},"end":{"line":145,"column":53}},"type":"binary-expr","locations":[{"start":{"line":145,"column":27},"end":{"line":145,"column":48}},{"start":{"line":145,"column":52},"end":{"line":145,"column":53}}],"line":145},"23":{"loc":{"start":{"line":145,"column":58},"end":{"line":145,"column":84}},"type":"binary-expr","locations":[{"start":{"line":145,"column":58},"end":{"line":145,"column":79}},{"start":{"line":145,"column":83},"end":{"line":145,"column":84}}],"line":145},"24":{"loc":{"start":{"line":147,"column":8},"end":{"line":159,"column":9}},"type":"if","locations":[{"start":{"line":147,"column":8},"end":{"line":159,"column":9}},{"start":{},"end":{}}],"line":147},"25":{"loc":{"start":{"line":149,"column":10},"end":{"line":158,"column":11}},"type":"if","locations":[{"start":{"line":149,"column":10},"end":{"line":158,"column":11}},{"start":{},"end":{}}],"line":149},"26":{"loc":{"start":{"line":166,"column":19},"end":{"line":166,"column":46}},"type":"binary-expr","locations":[{"start":{"line":166,"column":19},"end":{"line":166,"column":40}},{"start":{"line":166,"column":44},"end":{"line":166,"column":46}}],"line":166},"27":{"loc":{"start":{"line":167,"column":6},"end":{"line":169,"column":7}},"type":"if","locations":[{"start":{"line":167,"column":6},"end":{"line":169,"column":7}},{"start":{},"end":{}}],"line":167},"28":{"loc":{"start":{"line":167,"column":10},"end":{"line":167,"column":63}},"type":"binary-expr","locations":[{"start":{"line":167,"column":10},"end":{"line":167,"column":14}},{"start":{"line":167,"column":18},"end":{"line":167,"column":63}}],"line":167},"29":{"loc":{"start":{"line":172,"column":4},"end":{"line":188,"column":5}},"type":"if","locations":[{"start":{"line":172,"column":4},"end":{"line":188,"column":5}},{"start":{"line":180,"column":11},"end":{"line":188,"column":5}}],"line":172},"30":{"loc":{"start":{"line":172,"column":8},"end":{"line":172,"column":65}},"type":"binary-expr","locations":[{"start":{"line":172,"column":8},"end":{"line":172,"column":24}},{"start":{"line":172,"column":28},"end":{"line":172,"column":65}}],"line":172},"31":{"loc":{"start":{"line":180,"column":11},"end":{"line":188,"column":5}},"type":"if","locations":[{"start":{"line":180,"column":11},"end":{"line":188,"column":5}},{"start":{},"end":{}}],"line":180},"32":{"loc":{"start":{"line":208,"column":4},"end":{"line":211,"column":5}},"type":"if","locations":[{"start":{"line":208,"column":4},"end":{"line":211,"column":5}},{"start":{},"end":{}}],"line":208},"33":{"loc":{"start":{"line":217,"column":20},"end":{"line":217,"column":80}},"type":"cond-expr","locations":[{"start":{"line":217,"column":41},"end":{"line":217,"column":45}},{"start":{"line":217,"column":48},"end":{"line":217,"column":80}}],"line":217},"34":{"loc":{"start":{"line":217,"column":48},"end":{"line":217,"column":80}},"type":"cond-expr","locations":[{"start":{"line":217,"column":69},"end":{"line":217,"column":73}},{"start":{"line":217,"column":76},"end":{"line":217,"column":80}}],"line":217},"35":{"loc":{"start":{"line":222,"column":25},"end":{"line":222,"column":100}},"type":"cond-expr","locations":[{"start":{"line":222,"column":52},"end":{"line":222,"column":55}},{"start":{"line":222,"column":58},"end":{"line":222,"column":100}}],"line":222},"36":{"loc":{"start":{"line":222,"column":58},"end":{"line":222,"column":100}},"type":"cond-expr","locations":[{"start":{"line":222,"column":87},"end":{"line":222,"column":92}},{"start":{"line":222,"column":95},"end":{"line":222,"column":100}}],"line":222}},"s":{"0":0,"1":0,"2":0,"3":0,"4":0,"5":0,"6":0,"7":0,"8":0,"9":0,"10":0,"11":0,"12":0,"13":0,"14":0,"15":0,"16":0,"17":0,"18":0,"19":0,"20":0,"21":0,"22":0,"23":0,"24":0,"25":0,"26":0,"27":0,"28":0,"29":0,"30":0,"31":0,"32":0,"33":0,"34":0,"35":0,"36":0,"37":0,"38":0,"39":0,"40":0,"41":0,"42":0,"43":0,"44":0,"45":0,"46":0,"47":0,"48":0,"49":0,"50":0,"51":0,"52":0,"53":0,"54":0,"55":0,"56":0,"57":0,"58":0,"59":0,"60":0,"61":0,"62":0,"63":0,"64":0,"65":0,"66":0,"67":0,"68":0,"69":0,"70":0,"71":0,"72":0,"73":0,"74":0,"75":0,"76":0,"77":0,"78":0,"79":0,"80":0,"81":0,"82":0,"83":0,"84":0,"85":0,"86":0,"87":0,"88":0,"89":0,"90":0,"91":0,"92":0,"93":0,"94":0,"95":0,"96":0,"97":0,"98":0,"99":0,"100":0},"f":{"0":0,"1":0,"2":0,"3":0,"4":0,"5":0,"6":0,"7":0,"8":0,"9":0,"10":0,"11":0,"12":0,"13":0},"b":{"0":[0,0],"1":[0,0],"2":[0,0],"3":[0,0],"4":[0,0],"5":[0,0],"6":[0,0],"7":[0,0],"8":[0,0],"9":[0,0],"10":[0,0],"11":[0,0],"12":[0,0],"13":[0,0],"14":[0,0],"15":[0,0],"16":[0,0],"17":[0,0],"18":[0,0],"19":[0,0],"20":[0,0],"21":[0,0,0],"22":[0,0],"23":[0,0],"24":[0,0],"25":[0,0],"26":[0,0],"27":[0,0],"28":[0,0],"29":[0,0],"30":[0,0],"31":[0,0],"32":[0,0],"33":[0,0],"34":[0,0],"35":[0,0],"36":[0,0]}}
}
