{"/home/reinhold/HTL/gitCommitsDuringLesson/backend/services/analyzer.js": {"path":"/home/reinhold/HTL/gitCommitsDuringLesson/backend/services/analyzer.js","statementMap":{"0":{"start":{"line":13,"column":24},"end":{"line":13,"column":66}},"1":{"start":{"line":14,"column":22},"end":{"line":14,"column":62}},"2":{"start":{"line":16,"column":4},"end":{"line":24,"column":5}},"3":{"start":{"line":18,"column":6},"end":{"line":18,"column":92}},"4":{"start":{"line":19,"column":11},"end":{"line":24,"column":5}},"5":{"start":{"line":21,"column":6},"end":{"line":21,"column":95}},"6":{"start":{"line":23,"column":6},"end":{"line":23,"column":109}},"7":{"start":{"line":32,"column":34},"end":{"line":32,"column":66}},"8":{"start":{"line":33,"column":30},"end":{"line":33,"column":60}},"9":{"start":{"line":35,"column":22},"end":{"line":35,"column":44}},"10":{"start":{"line":36,"column":4},"end":{"line":36,"column":50}},"11":{"start":{"line":38,"column":20},"end":{"line":38,"column":40}},"12":{"start":{"line":39,"column":4},"end":{"line":39,"column":44}},"13":{"start":{"line":41,"column":4},"end":{"line":41,"column":48}},"14":{"start":{"line":50,"column":16},"end":{"line":50,"column":26}},"15":{"start":{"line":52,"column":19},"end":{"line":55,"column":5}},"16":{"start":{"line":57,"column":27},"end":{"line":57,"column":57}},"17":{"start":{"line":58,"column":25},"end":{"line":58,"column":53}},"18":{"start":{"line":60,"column":34},"end":{"line":60,"column":66}},"19":{"start":{"line":61,"column":30},"end":{"line":61,"column":60}},"20":{"start":{"line":67,"column":29},"end":{"line":67,"column":41}},"21":{"start":{"line":68,"column":24},"end":{"line":68,"column":65}},"22":{"start":{"line":71,"column":20},"end":{"line":71,"column":33}},"23":{"start":{"line":72,"column":4},"end":{"line":72,"column":55}},"24":{"start":{"line":73,"column":4},"end":{"line":73,"column":44}},"25":{"start":{"line":76,"column":4},"end":{"line":79,"column":5}},"26":{"start":{"line":77,"column":6},"end":{"line":77,"column":25}},"27":{"start":{"line":78,"column":6},"end":{"line":78,"column":45}},"28":{"start":{"line":82,"column":18},"end":{"line":82,"column":57}},"29":{"start":{"line":85,"column":4},"end":{"line":91,"column":5}},"30":{"start":{"line":87,"column":6},"end":{"line":87,"column":18}},"31":{"start":{"line":88,"column":11},"end":{"line":91,"column":5}},"32":{"start":{"line":90,"column":6},"end":{"line":90,"column":18}},"33":{"start":{"line":93,"column":22},"end":{"line":93,"column":39}},"34":{"start":{"line":94,"column":4},"end":{"line":94,"column":53}},"35":{"start":{"line":95,"column":4},"end":{"line":95,"column":50}},"36":{"start":{"line":97,"column":4},"end":{"line":97,"column":48}},"37":{"start":{"line":106,"column":28},"end":{"line":106,"column":29}},"38":{"start":{"line":107,"column":25},"end":{"line":107,"column":26}},"39":{"start":{"line":108,"column":25},"end":{"line":108,"column":26}},"40":{"start":{"line":109,"column":27},"end":{"line":109,"column":29}},"41":{"start":{"line":111,"column":4},"end":{"line":120,"column":7}},"42":{"start":{"line":113,"column":6},"end":{"line":119,"column":7}},"43":{"start":{"line":114,"column":8},"end":{"line":114,"column":54}},"44":{"start":{"line":115,"column":8},"end":{"line":115,"column":54}},"45":{"start":{"line":116,"column":29},"end":{"line":116,"column":90}},"46":{"start":{"line":117,"column":8},"end":{"line":117,"column":42}},"47":{"start":{"line":118,"column":8},"end":{"line":118,"column":42}},"48":{"start":{"line":122,"column":30},"end":{"line":124,"column":9}},"49":{"start":{"line":126,"column":4},"end":{"line":133,"column":6}}},"fnMap":{"0":{"name":"(anonymous_0)","decl":{"start":{"line":11,"column":2},"end":{"line":11,"column":3}},"loc":{"start":{"line":11,"column":70},"end":{"line":25,"column":3}},"line":11},"1":{"name":"(anonymous_1)","decl":{"start":{"line":31,"column":2},"end":{"line":31,"column":3}},"loc":{"start":{"line":31,"column":72},"end":{"line":42,"column":3}},"line":31},"2":{"name":"(anonymous_2)","decl":{"start":{"line":49,"column":2},"end":{"line":49,"column":3}},"loc":{"start":{"line":49,"column":67},"end":{"line":98,"column":3}},"line":49},"3":{"name":"(anonymous_3)","decl":{"start":{"line":105,"column":2},"end":{"line":105,"column":3}},"loc":{"start":{"line":105,"column":26},"end":{"line":134,"column":3}},"line":105},"4":{"name":"(anonymous_4)","decl":{"start":{"line":111,"column":20},"end":{"line":111,"column":21}},"loc":{"start":{"line":111,"column":30},"end":{"line":120,"column":5}},"line":111}},"branchMap":{"0":{"loc":{"start":{"line":16,"column":4},"end":{"line":24,"column":5}},"type":"if","locations":[{"start":{"line":16,"column":4},"end":{"line":24,"column":5}},{"start":{"line":19,"column":11},"end":{"line":24,"column":5}}],"line":16},"1":{"loc":{"start":{"line":16,"column":8},"end":{"line":16,"column":32}},"type":"binary-expr","locations":[{"start":{"line":16,"column":8},"end":{"line":16,"column":19}},{"start":{"line":16,"column":23},"end":{"line":16,"column":32}}],"line":16},"2":{"loc":{"start":{"line":19,"column":11},"end":{"line":24,"column":5}},"type":"if","locations":[{"start":{"line":19,"column":11},"end":{"line":24,"column":5}},{"start":{"line":22,"column":11},"end":{"line":24,"column":5}}],"line":19},"3":{"loc":{"start":{"line":19,"column":15},"end":{"line":19,"column":41}},"type":"binary-expr","locations":[{"start":{"line":19,"column":15},"end":{"line":19,"column":27}},{"start":{"line":19,"column":31},"end":{"line":19,"column":41}}],"line":19},"4":{"loc":{"start":{"line":76,"column":4},"end":{"line":79,"column":5}},"type":"if","locations":[{"start":{"line":76,"column":4},"end":{"line":79,"column":5}},{"start":{},"end":{}}],"line":76},"5":{"loc":{"start":{"line":85,"column":4},"end":{"line":91,"column":5}},"type":"if","locations":[{"start":{"line":85,"column":4},"end":{"line":91,"column":5}},{"start":{"line":88,"column":11},"end":{"line":91,"column":5}}],"line":85},"6":{"loc":{"start":{"line":85,"column":8},"end":{"line":85,"column":94}},"type":"binary-expr","locations":[{"start":{"line":85,"column":8},"end":{"line":85,"column":21}},{"start":{"line":85,"column":26},"end":{"line":85,"column":45}},{"start":{"line":85,"column":50},"end":{"line":85,"column":71}},{"start":{"line":85,"column":75},"end":{"line":85,"column":92}}],"line":85},"7":{"loc":{"start":{"line":88,"column":11},"end":{"line":91,"column":5}},"type":"if","locations":[{"start":{"line":88,"column":11},"end":{"line":91,"column":5}},{"start":{},"end":{}}],"line":88},"8":{"loc":{"start":{"line":113,"column":6},"end":{"line":119,"column":7}},"type":"if","locations":[{"start":{"line":113,"column":6},"end":{"line":119,"column":7}},{"start":{},"end":{}}],"line":113},"9":{"loc":{"start":{"line":114,"column":26},"end":{"line":114,"column":53}},"type":"binary-expr","locations":[{"start":{"line":114,"column":26},"end":{"line":114,"column":48}},{"start":{"line":114,"column":52},"end":{"line":114,"column":53}}],"line":114},"10":{"loc":{"start":{"line":115,"column":26},"end":{"line":115,"column":53}},"type":"binary-expr","locations":[{"start":{"line":115,"column":26},"end":{"line":115,"column":48}},{"start":{"line":115,"column":52},"end":{"line":115,"column":53}}],"line":115},"11":{"loc":{"start":{"line":116,"column":30},"end":{"line":116,"column":57}},"type":"binary-expr","locations":[{"start":{"line":116,"column":30},"end":{"line":116,"column":52}},{"start":{"line":116,"column":56},"end":{"line":116,"column":57}}],"line":116},"12":{"loc":{"start":{"line":116,"column":62},"end":{"line":116,"column":89}},"type":"binary-expr","locations":[{"start":{"line":116,"column":62},"end":{"line":116,"column":84}},{"start":{"line":116,"column":88},"end":{"line":116,"column":89}}],"line":116},"13":{"loc":{"start":{"line":122,"column":30},"end":{"line":124,"column":9}},"type":"cond-expr","locations":[{"start":{"line":123,"column":8},"end":{"line":123,"column":54}},{"start":{"line":124,"column":8},"end":{"line":124,"column":9}}],"line":122}},"s":{"0":10,"1":10,"2":10,"3":3,"4":7,"5":6,"6":1,"7":3,"8":3,"9":3,"10":3,"11":3,"12":3,"13":3,"14":6,"15":6,"16":6,"17":6,"18":6,"19":6,"20":6,"21":6,"22":6,"23":6,"24":6,"25":6,"26":0,"27":0,"28":6,"29":6,"30":1,"31":5,"32":1,"33":6,"34":6,"35":6,"36":6,"37":13,"38":13,"39":13,"40":13,"41":13,"42":26,"43":25,"44":25,"45":25,"46":25,"47":25,"48":13,"49":13},"f":{"0":10,"1":3,"2":6,"3":13,"4":26},"b":{"0":[3,7],"1":[10,4],"2":[6,1],"3":[7,6],"4":[0,6],"5":[1,5],"6":[6,2,1,0],"7":[1,4],"8":[25,1],"9":[25,0],"10":[25,8],"11":[25,0],"12":[25,8],"13":[11,2]},"_coverageSchema":"1a1c01bbd47fc00a2c39e90264f33305004495a9","hash":"0f35ffa293675829b8a7006fd4bc71bc172a44d2"}
,"/home/reinhold/HTL/gitCommitsDuringLesson/backend/services/github.js": {"path":"/home/reinhold/HTL/gitCommitsDuringLesson/backend/services/github.js","statementMap":{"0":{"start":{"line":5,"column":4},"end":{"line":5,"column":23}},"1":{"start":{"line":6,"column":4},"end":{"line":6,"column":44}},"2":{"start":{"line":7,"column":4},"end":{"line":13,"column":7}},"3":{"start":{"line":17,"column":4},"end":{"line":48,"column":5}},"4":{"start":{"line":18,"column":21},"end":{"line":18,"column":23}},"5":{"start":{"line":19,"column":17},"end":{"line":19,"column":18}},"6":{"start":{"line":20,"column":20},"end":{"line":20,"column":24}},"7":{"start":{"line":22,"column":6},"end":{"line":42,"column":7}},"8":{"start":{"line":23,"column":25},"end":{"line":30,"column":10}},"9":{"start":{"line":32,"column":8},"end":{"line":41,"column":9}},"10":{"start":{"line":33,"column":10},"end":{"line":33,"column":26}},"11":{"start":{"line":35,"column":10},"end":{"line":35,"column":52}},"12":{"start":{"line":37,"column":10},"end":{"line":39,"column":11}},"13":{"start":{"line":38,"column":12},"end":{"line":38,"column":28}},"14":{"start":{"line":40,"column":10},"end":{"line":40,"column":17}},"15":{"start":{"line":44,"column":6},"end":{"line":44,"column":22}},"16":{"start":{"line":46,"column":6},"end":{"line":46,"column":75}},"17":{"start":{"line":47,"column":6},"end":{"line":47,"column":16}},"18":{"start":{"line":52,"column":4},"end":{"line":100,"column":5}},"19":{"start":{"line":53,"column":23},"end":{"line":53,"column":25}},"20":{"start":{"line":54,"column":17},"end":{"line":54,"column":18}},"21":{"start":{"line":55,"column":20},"end":{"line":55,"column":24}},"22":{"start":{"line":56,"column":22},"end":{"line":56,"column":37}},"23":{"start":{"line":57,"column":22},"end":{"line":57,"column":37}},"24":{"start":{"line":59,"column":6},"end":{"line":94,"column":7}},"25":{"start":{"line":60,"column":25},"end":{"line":67,"column":10}},"26":{"start":{"line":69,"column":8},"end":{"line":93,"column":9}},"27":{"start":{"line":70,"column":10},"end":{"line":70,"column":26}},"28":{"start":{"line":73,"column":27},"end":{"line":76,"column":12}},"29":{"start":{"line":74,"column":31},"end":{"line":74,"column":76}},"30":{"start":{"line":75,"column":12},"end":{"line":75,"column":66}},"31":{"start":{"line":78,"column":10},"end":{"line":78,"column":51}},"32":{"start":{"line":82,"column":10},"end":{"line":92,"column":11}},"33":{"start":{"line":83,"column":12},"end":{"line":83,"column":28}},"34":{"start":{"line":86,"column":37},"end":{"line":86,"column":115}},"35":{"start":{"line":87,"column":12},"end":{"line":91,"column":13}},"36":{"start":{"line":88,"column":14},"end":{"line":88,"column":30}},"37":{"start":{"line":90,"column":14},"end":{"line":90,"column":21}},"38":{"start":{"line":96,"column":6},"end":{"line":96,"column":24}},"39":{"start":{"line":98,"column":6},"end":{"line":98,"column":83}},"40":{"start":{"line":99,"column":6},"end":{"line":99,"column":16}},"41":{"start":{"line":104,"column":4},"end":{"line":110,"column":5}},"42":{"start":{"line":105,"column":23},"end":{"line":105,"column":86}},"43":{"start":{"line":106,"column":6},"end":{"line":106,"column":27}},"44":{"start":{"line":108,"column":6},"end":{"line":108,"column":80}},"45":{"start":{"line":109,"column":6},"end":{"line":109,"column":18}}},"fnMap":{"0":{"name":"(anonymous_0)","decl":{"start":{"line":4,"column":2},"end":{"line":4,"column":3}},"loc":{"start":{"line":4,"column":21},"end":{"line":14,"column":3}},"line":4},"1":{"name":"(anonymous_1)","decl":{"start":{"line":16,"column":2},"end":{"line":16,"column":3}},"loc":{"start":{"line":16,"column":32},"end":{"line":49,"column":3}},"line":16},"2":{"name":"(anonymous_2)","decl":{"start":{"line":51,"column":2},"end":{"line":51,"column":3}},"loc":{"start":{"line":51,"column":56},"end":{"line":101,"column":3}},"line":51},"3":{"name":"(anonymous_3)","decl":{"start":{"line":73,"column":48},"end":{"line":73,"column":49}},"loc":{"start":{"line":73,"column":58},"end":{"line":76,"column":11}},"line":73},"4":{"name":"(anonymous_4)","decl":{"start":{"line":103,"column":2},"end":{"line":103,"column":3}},"loc":{"start":{"line":103,"column":43},"end":{"line":111,"column":3}},"line":103}},"branchMap":{"0":{"loc":{"start":{"line":32,"column":8},"end":{"line":41,"column":9}},"type":"if","locations":[{"start":{"line":32,"column":8},"end":{"line":41,"column":9}},{"start":{"line":34,"column":15},"end":{"line":41,"column":9}}],"line":32},"1":{"loc":{"start":{"line":37,"column":10},"end":{"line":39,"column":11}},"type":"if","locations":[{"start":{"line":37,"column":10},"end":{"line":39,"column":11}},{"start":{},"end":{}}],"line":37},"2":{"loc":{"start":{"line":69,"column":8},"end":{"line":93,"column":9}},"type":"if","locations":[{"start":{"line":69,"column":8},"end":{"line":93,"column":9}},{"start":{"line":71,"column":15},"end":{"line":93,"column":9}}],"line":69},"3":{"loc":{"start":{"line":75,"column":19},"end":{"line":75,"column":65}},"type":"binary-expr","locations":[{"start":{"line":75,"column":19},"end":{"line":75,"column":40}},{"start":{"line":75,"column":44},"end":{"line":75,"column":65}}],"line":75},"4":{"loc":{"start":{"line":82,"column":10},"end":{"line":92,"column":11}},"type":"if","locations":[{"start":{"line":82,"column":10},"end":{"line":92,"column":11}},{"start":{"line":84,"column":17},"end":{"line":92,"column":11}}],"line":82},"5":{"loc":{"start":{"line":87,"column":12},"end":{"line":91,"column":13}},"type":"if","locations":[{"start":{"line":87,"column":12},"end":{"line":91,"column":13}},{"start":{"line":89,"column":19},"end":{"line":91,"column":13}}],"line":87}},"s":{"0":15,"1":15,"2":15,"3":0,"4":0,"5":0,"6":0,"7":0,"8":0,"9":0,"10":0,"11":0,"12":0,"13":0,"14":0,"15":0,"16":0,"17":0,"18":0,"19":0,"20":0,"21":0,"22":0,"23":0,"24":0,"25":0,"26":0,"27":0,"28":0,"29":0,"30":0,"31":0,"32":0,"33":0,"34":0,"35":0,"36":0,"37":0,"38":0,"39":0,"40":0,"41":0,"42":0,"43":0,"44":0,"45":0},"f":{"0":15,"1":0,"2":0,"3":0,"4":0},"b":{"0":[0,0],"1":[0,0],"2":[0,0],"3":[0,0],"4":[0,0],"5":[0,0]},"_coverageSchema":"1a1c01bbd47fc00a2c39e90264f33305004495a9","hash":"ccd3c5283b62cc03c5c471eff14e91cd1894e7fa"}
,"/home/reinhold/HTL/gitCommitsDuringLesson/backend/services/suspiciousActivityDetector.js": {"path":"/home/reinhold/HTL/gitCommitsDuringLesson/backend/services/suspiciousActivityDetector.js","statementMap":{"0":{"start":{"line":3,"column":4},"end":{"line":18,"column":6}},"1":{"start":{"line":28,"column":4},"end":{"line":30,"column":5}},"2":{"start":{"line":29,"column":6},"end":{"line":29,"column":47}},"3":{"start":{"line":32,"column":18},"end":{"line":32,"column":20}},"4":{"start":{"line":33,"column":16},"end":{"line":33,"column":17}},"5":{"start":{"line":36,"column":26},"end":{"line":38,"column":5}},"6":{"start":{"line":37,"column":6},"end":{"line":37,"column":69}},"7":{"start":{"line":41,"column":27},"end":{"line":41,"column":95}},"8":{"start":{"line":41,"column":60},"end":{"line":41,"column":91}},"9":{"start":{"line":42,"column":27},"end":{"line":42,"column":95}},"10":{"start":{"line":42,"column":60},"end":{"line":42,"column":91}},"11":{"start":{"line":43,"column":23},"end":{"line":43,"column":54}},"12":{"start":{"line":46,"column":4},"end":{"line":67,"column":5}},"13":{"start":{"line":47,"column":24},"end":{"line":47,"column":69}},"14":{"start":{"line":48,"column":23},"end":{"line":48,"column":91}},"15":{"start":{"line":49,"column":30},"end":{"line":49,"column":64}},"16":{"start":{"line":51,"column":6},"end":{"line":66,"column":7}},"17":{"start":{"line":53,"column":25},"end":{"line":53,"column":93}},"18":{"start":{"line":54,"column":27},"end":{"line":54,"column":29}},"19":{"start":{"line":56,"column":36},"end":{"line":56,"column":65}},"20":{"start":{"line":57,"column":23},"end":{"line":57,"column":67}},"21":{"start":{"line":59,"column":8},"end":{"line":64,"column":11}},"22":{"start":{"line":65,"column":8},"end":{"line":65,"column":24}},"23":{"start":{"line":70,"column":4},"end":{"line":81,"column":7}},"24":{"start":{"line":71,"column":26},"end":{"line":71,"column":89}},"25":{"start":{"line":72,"column":6},"end":{"line":80,"column":7}},"26":{"start":{"line":73,"column":8},"end":{"line":78,"column":11}},"27":{"start":{"line":79,"column":8},"end":{"line":79,"column":20}},"28":{"start":{"line":84,"column":4},"end":{"line":95,"column":5}},"29":{"start":{"line":85,"column":20},"end":{"line":85,"column":57}},"30":{"start":{"line":86,"column":6},"end":{"line":94,"column":7}},"31":{"start":{"line":87,"column":8},"end":{"line":92,"column":11}},"32":{"start":{"line":93,"column":8},"end":{"line":93,"column":20}},"33":{"start":{"line":98,"column":4},"end":{"line":118,"column":5}},"34":{"start":{"line":99,"column":20},"end":{"line":99,"column":51}},"35":{"start":{"line":100,"column":6},"end":{"line":108,"column":7}},"36":{"start":{"line":101,"column":8},"end":{"line":106,"column":11}},"37":{"start":{"line":107,"column":8},"end":{"line":107,"column":20}},"38":{"start":{"line":109,"column":11},"end":{"line":118,"column":5}},"39":{"start":{"line":111,"column":6},"end":{"line":116,"column":9}},"40":{"start":{"line":117,"column":6},"end":{"line":117,"column":18}},"41":{"start":{"line":121,"column":4},"end":{"line":161,"column":5}},"42":{"start":{"line":122,"column":24},"end":{"line":122,"column":69}},"43":{"start":{"line":123,"column":23},"end":{"line":123,"column":91}},"44":{"start":{"line":124,"column":30},"end":{"line":124,"column":59}},"45":{"start":{"line":127,"column":41},"end":{"line":127,"column":84}},"46":{"start":{"line":127,"column":57},"end":{"line":127,"column":83}},"47":{"start":{"line":128,"column":6},"end":{"line":138,"column":7}},"48":{"start":{"line":131,"column":8},"end":{"line":136,"column":11}},"49":{"start":{"line":137,"column":8},"end":{"line":137,"column":20}},"50":{"start":{"line":141,"column":6},"end":{"line":160,"column":7}},"51":{"start":{"line":141,"column":19},"end":{"line":141,"column":20}},"52":{"start":{"line":142,"column":21},"end":{"line":142,"column":41}},"53":{"start":{"line":143,"column":21},"end":{"line":143,"column":37}},"54":{"start":{"line":144,"column":25},"end":{"line":144,"column":108}},"55":{"start":{"line":145,"column":26},"end":{"line":145,"column":85}},"56":{"start":{"line":147,"column":8},"end":{"line":159,"column":9}},"57":{"start":{"line":148,"column":33},"end":{"line":148,"column":53}},"58":{"start":{"line":149,"column":10},"end":{"line":158,"column":11}},"59":{"start":{"line":150,"column":12},"end":{"line":155,"column":15}},"60":{"start":{"line":156,"column":12},"end":{"line":156,"column":24}},"61":{"start":{"line":157,"column":12},"end":{"line":157,"column":18}},"62":{"start":{"line":164,"column":23},"end":{"line":164,"column":24}},"63":{"start":{"line":165,"column":4},"end":{"line":170,"column":7}},"64":{"start":{"line":166,"column":18},"end":{"line":166,"column":68}},"65":{"start":{"line":167,"column":6},"end":{"line":169,"column":7}},"66":{"start":{"line":168,"column":8},"end":{"line":168,"column":23}},"67":{"start":{"line":172,"column":4},"end":{"line":188,"column":5}},"68":{"start":{"line":173,"column":6},"end":{"line":178,"column":9}},"69":{"start":{"line":179,"column":6},"end":{"line":179,"column":17}},"70":{"start":{"line":180,"column":11},"end":{"line":188,"column":5}},"71":{"start":{"line":181,"column":6},"end":{"line":186,"column":9}},"72":{"start":{"line":187,"column":6},"end":{"line":187,"column":17}},"73":{"start":{"line":190,"column":4},"end":{"line":196,"column":6}},"74":{"start":{"line":206,"column":23},"end":{"line":206,"column":89}},"75":{"start":{"line":206,"column":43},"end":{"line":206,"column":54}},"76":{"start":{"line":206,"column":71},"end":{"line":206,"column":88}},"77":{"start":{"line":208,"column":4},"end":{"line":211,"column":5}},"78":{"start":{"line":209,"column":6},"end":{"line":209,"column":60}},"79":{"start":{"line":210,"column":6},"end":{"line":210,"column":13}},"80":{"start":{"line":213,"column":4},"end":{"line":213,"column":52}},"81":{"start":{"line":214,"column":4},"end":{"line":214,"column":32}},"82":{"start":{"line":216,"column":4},"end":{"line":225,"column":7}},"83":{"start":{"line":217,"column":20},"end":{"line":217,"column":80}},"84":{"start":{"line":218,"column":6},"end":{"line":218,"column":90}},"85":{"start":{"line":219,"column":6},"end":{"line":219,"column":93}},"86":{"start":{"line":221,"column":6},"end":{"line":224,"column":9}},"87":{"start":{"line":222,"column":25},"end":{"line":222,"column":100}},"88":{"start":{"line":223,"column":8},"end":{"line":223,"column":79}},"89":{"start":{"line":227,"column":4},"end":{"line":227,"column":39}},"90":{"start":{"line":228,"column":4},"end":{"line":228,"column":84}},"91":{"start":{"line":231,"column":21},"end":{"line":231,"column":50}},"92":{"start":{"line":232,"column":21},"end":{"line":232,"column":50}},"93":{"start":{"line":234,"column":4},"end":{"line":234,"column":100}},"94":{"start":{"line":235,"column":4},"end":{"line":235,"column":127}},"95":{"start":{"line":244,"column":17},"end":{"line":244,"column":35}},"96":{"start":{"line":245,"column":18},"end":{"line":245,"column":62}},"97":{"start":{"line":246,"column":16},"end":{"line":246,"column":55}},"98":{"start":{"line":247,"column":18},"end":{"line":247,"column":58}},"99":{"start":{"line":248,"column":20},"end":{"line":248,"column":62}},"100":{"start":{"line":249,"column":4},"end":{"line":249,"column":57}}},"fnMap":{"0":{"name":"(anonymous_0)","decl":{"start":{"line":2,"column":2},"end":{"line":2,"column":3}},"loc":{"start":{"line":2,"column":16},"end":{"line":19,"column":3}},"line":2},"1":{"name":"(anonymous_1)","decl":{"start":{"line":27,"column":2},"end":{"line":27,"column":3}},"loc":{"start":{"line":27,"column":29},"end":{"line":197,"column":3}},"line":27},"2":{"name":"(anonymous_2)","decl":{"start":{"line":36,"column":44},"end":{"line":36,"column":45}},"loc":{"start":{"line":37,"column":6},"end":{"line":37,"column":69}},"line":37},"3":{"name":"(anonymous_3)","decl":{"start":{"line":41,"column":48},"end":{"line":41,"column":49}},"loc":{"start":{"line":41,"column":60},"end":{"line":41,"column":91}},"line":41},"4":{"name":"(anonymous_4)","decl":{"start":{"line":42,"column":48},"end":{"line":42,"column":49}},"loc":{"start":{"line":42,"column":60},"end":{"line":42,"column":91}},"line":42},"5":{"name":"(anonymous_5)","decl":{"start":{"line":70,"column":26},"end":{"line":70,"column":27}},"loc":{"start":{"line":70,"column":43},"end":{"line":81,"column":5}},"line":70},"6":{"name":"(anonymous_6)","decl":{"start":{"line":127,"column":52},"end":{"line":127,"column":53}},"loc":{"start":{"line":127,"column":57},"end":{"line":127,"column":83}},"line":127},"7":{"name":"(anonymous_7)","decl":{"start":{"line":165,"column":26},"end":{"line":165,"column":27}},"loc":{"start":{"line":165,"column":38},"end":{"line":170,"column":5}},"line":165},"8":{"name":"(anonymous_8)","decl":{"start":{"line":205,"column":2},"end":{"line":205,"column":3}},"loc":{"start":{"line":205,"column":37},"end":{"line":236,"column":3}},"line":205},"9":{"name":"(anonymous_9)","decl":{"start":{"line":206,"column":38},"end":{"line":206,"column":39}},"loc":{"start":{"line":206,"column":43},"end":{"line":206,"column":54}},"line":206},"10":{"name":"(anonymous_10)","decl":{"start":{"line":206,"column":61},"end":{"line":206,"column":62}},"loc":{"start":{"line":206,"column":71},"end":{"line":206,"column":88}},"line":206},"11":{"name":"(anonymous_11)","decl":{"start":{"line":216,"column":23},"end":{"line":216,"column":24}},"loc":{"start":{"line":216,"column":33},"end":{"line":225,"column":5}},"line":216},"12":{"name":"(anonymous_12)","decl":{"start":{"line":221,"column":27},"end":{"line":221,"column":28}},"loc":{"start":{"line":221,"column":35},"end":{"line":224,"column":7}},"line":221},"13":{"name":"(anonymous_13)","decl":{"start":{"line":243,"column":2},"end":{"line":243,"column":3}},"loc":{"start":{"line":243,"column":26},"end":{"line":250,"column":3}},"line":243}},"branchMap":{"0":{"loc":{"start":{"line":28,"column":4},"end":{"line":30,"column":5}},"type":"if","locations":[{"start":{"line":28,"column":4},"end":{"line":30,"column":5}},{"start":{},"end":{}}],"line":28},"1":{"loc":{"start":{"line":28,"column":8},"end":{"line":28,"column":40}},"type":"binary-expr","locations":[{"start":{"line":28,"column":8},"end":{"line":28,"column":16}},{"start":{"line":28,"column":20},"end":{"line":28,"column":40}}],"line":28},"2":{"loc":{"start":{"line":41,"column":67},"end":{"line":41,"column":90}},"type":"binary-expr","locations":[{"start":{"line":41,"column":67},"end":{"line":41,"column":85}},{"start":{"line":41,"column":89},"end":{"line":41,"column":90}}],"line":41},"3":{"loc":{"start":{"line":42,"column":67},"end":{"line":42,"column":90}},"type":"binary-expr","locations":[{"start":{"line":42,"column":67},"end":{"line":42,"column":85}},{"start":{"line":42,"column":89},"end":{"line":42,"column":90}}],"line":42},"4":{"loc":{"start":{"line":46,"column":4},"end":{"line":67,"column":5}},"type":"if","locations":[{"start":{"line":46,"column":4},"end":{"line":67,"column":5}},{"start":{},"end":{}}],"line":46},"5":{"loc":{"start":{"line":51,"column":6},"end":{"line":66,"column":7}},"type":"if","locations":[{"start":{"line":51,"column":6},"end":{"line":66,"column":7}},{"start":{},"end":{}}],"line":51},"6":{"loc":{"start":{"line":51,"column":10},"end":{"line":52,"column":67}},"type":"binary-expr","locations":[{"start":{"line":51,"column":10},"end":{"line":51,"column":60}},{"start":{"line":52,"column":10},"end":{"line":52,"column":67}}],"line":51},"7":{"loc":{"start":{"line":53,"column":25},"end":{"line":53,"column":93}},"type":"cond-expr","locations":[{"start":{"line":53,"column":45},"end":{"line":53,"column":51}},{"start":{"line":53,"column":54},"end":{"line":53,"column":93}}],"line":53},"8":{"loc":{"start":{"line":53,"column":54},"end":{"line":53,"column":93}},"type":"cond-expr","locations":[{"start":{"line":53,"column":74},"end":{"line":53,"column":82}},{"start":{"line":53,"column":85},"end":{"line":53,"column":93}}],"line":53},"9":{"loc":{"start":{"line":71,"column":27},"end":{"line":71,"column":55}},"type":"binary-expr","locations":[{"start":{"line":71,"column":27},"end":{"line":71,"column":50}},{"start":{"line":71,"column":54},"end":{"line":71,"column":55}}],"line":71},"10":{"loc":{"start":{"line":71,"column":60},"end":{"line":71,"column":88}},"type":"binary-expr","locations":[{"start":{"line":71,"column":60},"end":{"line":71,"column":83}},{"start":{"line":71,"column":87},"end":{"line":71,"column":88}}],"line":71},"11":{"loc":{"start":{"line":72,"column":6},"end":{"line":80,"column":7}},"type":"if","locations":[{"start":{"line":72,"column":6},"end":{"line":80,"column":7}},{"start":{},"end":{}}],"line":72},"12":{"loc":{"start":{"line":84,"column":4},"end":{"line":95,"column":5}},"type":"if","locations":[{"start":{"line":84,"column":4},"end":{"line":95,"column":5}},{"start":{},"end":{}}],"line":84},"13":{"loc":{"start":{"line":84,"column":8},"end":{"line":84,"column":60}},"type":"binary-expr","locations":[{"start":{"line":84,"column":8},"end":{"line":84,"column":34}},{"start":{"line":84,"column":38},"end":{"line":84,"column":60}}],"line":84},"14":{"loc":{"start":{"line":85,"column":20},"end":{"line":85,"column":57}},"type":"binary-expr","locations":[{"start":{"line":85,"column":20},"end":{"line":85,"column":52}},{"start":{"line":85,"column":56},"end":{"line":85,"column":57}}],"line":85},"15":{"loc":{"start":{"line":86,"column":6},"end":{"line":94,"column":7}},"type":"if","locations":[{"start":{"line":86,"column":6},"end":{"line":94,"column":7}},{"start":{},"end":{}}],"line":86},"16":{"loc":{"start":{"line":98,"column":4},"end":{"line":118,"column":5}},"type":"if","locations":[{"start":{"line":98,"column":4},"end":{"line":118,"column":5}},{"start":{"line":109,"column":11},"end":{"line":118,"column":5}}],"line":98},"17":{"loc":{"start":{"line":100,"column":6},"end":{"line":108,"column":7}},"type":"if","locations":[{"start":{"line":100,"column":6},"end":{"line":108,"column":7}},{"start":{},"end":{}}],"line":100},"18":{"loc":{"start":{"line":109,"column":11},"end":{"line":118,"column":5}},"type":"if","locations":[{"start":{"line":109,"column":11},"end":{"line":118,"column":5}},{"start":{},"end":{}}],"line":109},"19":{"loc":{"start":{"line":121,"column":4},"end":{"line":161,"column":5}},"type":"if","locations":[{"start":{"line":121,"column":4},"end":{"line":161,"column":5}},{"start":{},"end":{}}],"line":121},"20":{"loc":{"start":{"line":128,"column":6},"end":{"line":138,"column":7}},"type":"if","locations":[{"start":{"line":128,"column":6},"end":{"line":138,"column":7}},{"start":{},"end":{}}],"line":128},"21":{"loc":{"start":{"line":128,"column":10},"end":{"line":130,"column":37}},"type":"binary-expr","locations":[{"start":{"line":128,"column":10},"end":{"line":128,"column":61}},{"start":{"line":129,"column":10},"end":{"line":129,"column":35}},{"start":{"line":130,"column":10},"end":{"line":130,"column":37}}],"line":128},"22":{"loc":{"start":{"line":145,"column":27},"end":{"line":145,"column":53}},"type":"binary-expr","locations":[{"start":{"line":145,"column":27},"end":{"line":145,"column":48}},{"start":{"line":145,"column":52},"end":{"line":145,"column":53}}],"line":145},"23":{"loc":{"start":{"line":145,"column":58},"end":{"line":145,"column":84}},"type":"binary-expr","locations":[{"start":{"line":145,"column":58},"end":{"line":145,"column":79}},{"start":{"line":145,"column":83},"end":{"line":145,"column":84}}],"line":145},"24":{"loc":{"start":{"line":147,"column":8},"end":{"line":159,"column":9}},"type":"if","locations":[{"start":{"line":147,"column":8},"end":{"line":159,"column":9}},{"start":{},"end":{}}],"line":147},"25":{"loc":{"start":{"line":149,"column":10},"end":{"line":158,"column":11}},"type":"if","locations":[{"start":{"line":149,"column":10},"end":{"line":158,"column":11}},{"start":{},"end":{}}],"line":149},"26":{"loc":{"start":{"line":166,"column":19},"end":{"line":166,"column":46}},"type":"binary-expr","locations":[{"start":{"line":166,"column":19},"end":{"line":166,"column":40}},{"start":{"line":166,"column":44},"end":{"line":166,"column":46}}],"line":166},"27":{"loc":{"start":{"line":167,"column":6},"end":{"line":169,"column":7}},"type":"if","locations":[{"start":{"line":167,"column":6},"end":{"line":169,"column":7}},{"start":{},"end":{}}],"line":167},"28":{"loc":{"start":{"line":167,"column":10},"end":{"line":167,"column":63}},"type":"binary-expr","locations":[{"start":{"line":167,"column":10},"end":{"line":167,"column":14}},{"start":{"line":167,"column":18},"end":{"line":167,"column":63}}],"line":167},"29":{"loc":{"start":{"line":172,"column":4},"end":{"line":188,"column":5}},"type":"if","locations":[{"start":{"line":172,"column":4},"end":{"line":188,"column":5}},{"start":{"line":180,"column":11},"end":{"line":188,"column":5}}],"line":172},"30":{"loc":{"start":{"line":172,"column":8},"end":{"line":172,"column":65}},"type":"binary-expr","locations":[{"start":{"line":172,"column":8},"end":{"line":172,"column":24}},{"start":{"line":172,"column":28},"end":{"line":172,"column":65}}],"line":172},"31":{"loc":{"start":{"line":180,"column":11},"end":{"line":188,"column":5}},"type":"if","locations":[{"start":{"line":180,"column":11},"end":{"line":188,"column":5}},{"start":{},"end":{}}],"line":180},"32":{"loc":{"start":{"line":208,"column":4},"end":{"line":211,"column":5}},"type":"if","locations":[{"start":{"line":208,"column":4},"end":{"line":211,"column":5}},{"start":{},"end":{}}],"line":208},"33":{"loc":{"start":{"line":217,"column":20},"end":{"line":217,"column":80}},"type":"cond-expr","locations":[{"start":{"line":217,"column":41},"end":{"line":217,"column":45}},{"start":{"line":217,"column":48},"end":{"line":217,"column":80}}],"line":217},"34":{"loc":{"start":{"line":217,"column":48},"end":{"line":217,"column":80}},"type":"cond-expr","locations":[{"start":{"line":217,"column":69},"end":{"line":217,"column":73}},{"start":{"line":217,"column":76},"end":{"line":217,"column":80}}],"line":217},"35":{"loc":{"start":{"line":222,"column":25},"end":{"line":222,"column":100}},"type":"cond-expr","locations":[{"start":{"line":222,"column":52},"end":{"line":222,"column":55}},{"start":{"line":222,"column":58},"end":{"line":222,"column":100}}],"line":222},"36":{"loc":{"start":{"line":222,"column":58},"end":{"line":222,"column":100}},"type":"cond-expr","locations":[{"start":{"line":222,"column":87},"end":{"line":222,"column":92}},{"start":{"line":222,"column":95},"end":{"line":222,"column":100}}],"line":222}},"s":{"0":26,"1":22,"2":2,"3":20,"4":20,"5":20,"6":29,"7":20,"8":49,"9":20,"10":49,"11":20,"12":20,"13":10,"14":10,"15":10,"16":10,"17":5,"18":5,"19":5,"20":5,"21":5,"22":5,"23":20,"24":49,"25":49,"26":11,"27":11,"28":20,"29":7,"30":7,"31":7,"32":7,"33":20,"34":18,"35":18,"36":3,"37":3,"38":2,"39":2,"40":2,"41":20,"42":13,"43":13,"44":13,"45":13,"46":5,"47":13,"48":1,"49":1,"50":13,"51":13,"52":19,"53":19,"54":19,"55":19,"56":19,"57":15,"58":15,"59":6,"60":6,"61":6,"62":20,"63":20,"64":49,"65":49,"66":24,"67":20,"68":10,"69":10,"70":10,"71":0,"72":0,"73":20,"74":4,"75":6,"76":4,"77":4,"78":1,"79":1,"80":3,"81":3,"82":3,"83":5,"84":5,"85":5,"86":5,"87":1,"88":1,"89":3,"90":3,"91":3,"92":3,"93":3,"94":3,"95":6,"96":6,"97":6,"98":6,"99":6,"100":6},"f":{"0":26,"1":22,"2":29,"3":49,"4":49,"5":49,"6":5,"7":49,"8":4,"9":6,"10":4,"11":5,"12":1,"13":6},"b":{"0":[2,20],"1":[22,22],"2":[49,0],"3":[49,4],"4":[10,10],"5":[5,5],"6":[10,8],"7":[4,1],"8":[0,1],"9":[49,0],"10":[49,4],"11":[11,38],"12":[7,13],"13":[20,7],"14":[7,0],"15":[7,0],"16":[18,2],"17":[3,15],"18":[2,0],"19":[13,7],"20":[1,12],"21":[13,5,2],"22":[19,0],"23":[19,0],"24":[15,4],"25":[6,9],"26":[49,13],"27":[24,25],"28":[49,36],"29":[10,10],"30":[20,12],"31":[0,10],"32":[1,3],"33":[4,1],"34":[1,0],"35":[1,0],"36":[0,0]},"_coverageSchema":"1a1c01bbd47fc00a2c39e90264f33305004495a9","hash":"7e158b0be9b3749b09dfe8f6989527b5614dff75"}
}
