TN:
SF:services/analyzer.js
FN:11,(anonymous_0)
FN:31,(anonymous_1)
FN:49,(anonymous_2)
FN:102,(anonymous_3)
FN:109,(anonymous_4)
FN:120,(anonymous_5)
FN:122,(anonymous_6)
FNF:7
FNH:7
FNDA:13,(anonymous_0)
FNDA:3,(anonymous_1)
FNDA:9,(anonymous_2)
FNDA:6,(anonymous_3)
FNDA:11,(anonymous_4)
FNDA:4,(anonymous_5)
FNDA:4,(anonymous_6)
DA:13,13
DA:14,13
DA:16,13
DA:18,3
DA:19,10
DA:21,9
DA:23,1
DA:32,3
DA:33,3
DA:35,3
DA:36,3
DA:38,3
DA:39,3
DA:41,3
DA:50,9
DA:52,9
DA:57,9
DA:58,9
DA:61,9
DA:62,0
DA:65,9
DA:66,9
DA:70,9
DA:71,9
DA:73,9
DA:74,9
DA:75,9
DA:78,9
DA:79,2
DA:83,9
DA:84,9
DA:85,1
DA:88,9
DA:89,9
DA:90,9
DA:92,9
DA:103,6
DA:104,6
DA:105,6
DA:106,6
DA:107,6
DA:109,6
DA:111,11
DA:112,0
DA:116,11
DA:117,3
DA:118,3
DA:120,3
DA:122,4
DA:123,4
DA:124,2
DA:125,2
DA:129,3
DA:130,2
DA:131,2
DA:132,2
DA:133,2
DA:134,2
DA:136,8
DA:138,7
DA:139,7
DA:140,7
DA:141,7
DA:142,7
DA:147,6
DA:151,6
LF:66
LH:64
BRDA:16,0,0,3
BRDA:16,0,1,10
BRDA:16,1,0,13
BRDA:16,1,1,4
BRDA:19,2,0,9
BRDA:19,2,1,1
BRDA:19,3,0,10
BRDA:19,3,1,9
BRDA:61,4,0,0
BRDA:61,4,1,9
BRDA:61,5,0,9
BRDA:61,5,1,9
BRDA:78,6,0,2
BRDA:78,6,1,7
BRDA:84,7,0,1
BRDA:84,7,1,8
BRDA:84,8,0,9
BRDA:84,8,1,4
BRDA:84,8,2,3
BRDA:84,8,3,0
BRDA:102,9,0,5
BRDA:111,10,0,0
BRDA:111,10,1,11
BRDA:111,11,0,11
BRDA:111,11,1,5
BRDA:111,11,2,0
BRDA:111,11,3,0
BRDA:116,12,0,3
BRDA:116,12,1,8
BRDA:116,13,0,11
BRDA:116,13,1,3
BRDA:116,13,2,3
BRDA:123,14,0,2
BRDA:123,14,1,2
BRDA:124,15,0,2
BRDA:124,15,1,0
BRDA:125,16,0,2
BRDA:125,16,1,0
BRDA:129,17,0,2
BRDA:129,17,1,1
BRDA:129,18,0,3
BRDA:129,18,1,1
BRDA:136,19,0,7
BRDA:136,19,1,1
BRDA:136,20,0,8
BRDA:136,20,1,8
BRDA:138,21,0,7
BRDA:138,21,1,0
BRDA:139,22,0,7
BRDA:139,22,1,2
BRDA:140,23,0,7
BRDA:140,23,1,0
BRDA:140,24,0,7
BRDA:140,24,1,2
BRDA:147,25,0,5
BRDA:147,25,1,1
BRF:56
BRH:47
end_of_record
TN:
SF:services/github.js
FN:4,(anonymous_0)
FN:16,(anonymous_1)
FN:51,(anonymous_2)
FN:73,(anonymous_3)
FN:103,(anonymous_4)
FNF:5
FNH:0
FNDA:0,(anonymous_0)
FNDA:0,(anonymous_1)
FNDA:0,(anonymous_2)
FNDA:0,(anonymous_3)
FNDA:0,(anonymous_4)
DA:5,0
DA:6,0
DA:7,0
DA:17,0
DA:18,0
DA:19,0
DA:20,0
DA:22,0
DA:23,0
DA:32,0
DA:33,0
DA:35,0
DA:37,0
DA:38,0
DA:40,0
DA:44,0
DA:46,0
DA:47,0
DA:52,0
DA:53,0
DA:54,0
DA:55,0
DA:56,0
DA:57,0
DA:59,0
DA:60,0
DA:69,0
DA:70,0
DA:73,0
DA:74,0
DA:75,0
DA:78,0
DA:82,0
DA:83,0
DA:86,0
DA:87,0
DA:88,0
DA:90,0
DA:96,0
DA:98,0
DA:99,0
DA:104,0
DA:105,0
DA:106,0
DA:108,0
DA:109,0
LF:46
LH:0
BRDA:32,0,0,0
BRDA:32,0,1,0
BRDA:37,1,0,0
BRDA:37,1,1,0
BRDA:69,2,0,0
BRDA:69,2,1,0
BRDA:75,3,0,0
BRDA:75,3,1,0
BRDA:82,4,0,0
BRDA:82,4,1,0
BRDA:87,5,0,0
BRDA:87,5,1,0
BRF:12
BRH:0
end_of_record
TN:
SF:services/suspiciousActivityDetector.js
FN:2,(anonymous_0)
FN:27,(anonymous_1)
FN:36,(anonymous_2)
FN:41,(anonymous_3)
FN:42,(anonymous_4)
FN:70,(anonymous_5)
FN:127,(anonymous_6)
FN:165,(anonymous_7)
FN:205,(anonymous_8)
FN:206,(anonymous_9)
FN:206,(anonymous_10)
FN:216,(anonymous_11)
FN:221,(anonymous_12)
FN:243,(anonymous_13)
FNF:14
FNH:0
FNDA:0,(anonymous_0)
FNDA:0,(anonymous_1)
FNDA:0,(anonymous_2)
FNDA:0,(anonymous_3)
FNDA:0,(anonymous_4)
FNDA:0,(anonymous_5)
FNDA:0,(anonymous_6)
FNDA:0,(anonymous_7)
FNDA:0,(anonymous_8)
FNDA:0,(anonymous_9)
FNDA:0,(anonymous_10)
FNDA:0,(anonymous_11)
FNDA:0,(anonymous_12)
FNDA:0,(anonymous_13)
DA:3,0
DA:28,0
DA:29,0
DA:32,0
DA:33,0
DA:36,0
DA:37,0
DA:41,0
DA:42,0
DA:43,0
DA:46,0
DA:47,0
DA:48,0
DA:49,0
DA:51,0
DA:53,0
DA:54,0
DA:56,0
DA:57,0
DA:59,0
DA:65,0
DA:70,0
DA:71,0
DA:72,0
DA:73,0
DA:79,0
DA:84,0
DA:85,0
DA:86,0
DA:87,0
DA:93,0
DA:98,0
DA:99,0
DA:100,0
DA:101,0
DA:107,0
DA:109,0
DA:111,0
DA:117,0
DA:121,0
DA:122,0
DA:123,0
DA:124,0
DA:127,0
DA:128,0
DA:131,0
DA:137,0
DA:141,0
DA:142,0
DA:143,0
DA:144,0
DA:145,0
DA:147,0
DA:148,0
DA:149,0
DA:150,0
DA:156,0
DA:157,0
DA:164,0
DA:165,0
DA:166,0
DA:167,0
DA:168,0
DA:172,0
DA:173,0
DA:179,0
DA:180,0
DA:181,0
DA:187,0
DA:190,0
DA:206,0
DA:208,0
DA:209,0
DA:210,0
DA:213,0
DA:214,0
DA:216,0
DA:217,0
DA:218,0
DA:219,0
DA:221,0
DA:222,0
DA:223,0
DA:227,0
DA:228,0
DA:231,0
DA:232,0
DA:234,0
DA:235,0
DA:244,0
DA:245,0
DA:246,0
DA:247,0
DA:248,0
DA:249,0
LF:95
LH:0
BRDA:28,0,0,0
BRDA:28,0,1,0
BRDA:28,1,0,0
BRDA:28,1,1,0
BRDA:41,2,0,0
BRDA:41,2,1,0
BRDA:42,3,0,0
BRDA:42,3,1,0
BRDA:46,4,0,0
BRDA:46,4,1,0
BRDA:51,5,0,0
BRDA:51,5,1,0
BRDA:51,6,0,0
BRDA:51,6,1,0
BRDA:53,7,0,0
BRDA:53,7,1,0
BRDA:53,8,0,0
BRDA:53,8,1,0
BRDA:71,9,0,0
BRDA:71,9,1,0
BRDA:71,10,0,0
BRDA:71,10,1,0
BRDA:72,11,0,0
BRDA:72,11,1,0
BRDA:84,12,0,0
BRDA:84,12,1,0
BRDA:84,13,0,0
BRDA:84,13,1,0
BRDA:85,14,0,0
BRDA:85,14,1,0
BRDA:86,15,0,0
BRDA:86,15,1,0
BRDA:98,16,0,0
BRDA:98,16,1,0
BRDA:100,17,0,0
BRDA:100,17,1,0
BRDA:109,18,0,0
BRDA:109,18,1,0
BRDA:121,19,0,0
BRDA:121,19,1,0
BRDA:128,20,0,0
BRDA:128,20,1,0
BRDA:128,21,0,0
BRDA:128,21,1,0
BRDA:128,21,2,0
BRDA:145,22,0,0
BRDA:145,22,1,0
BRDA:145,23,0,0
BRDA:145,23,1,0
BRDA:147,24,0,0
BRDA:147,24,1,0
BRDA:149,25,0,0
BRDA:149,25,1,0
BRDA:166,26,0,0
BRDA:166,26,1,0
BRDA:167,27,0,0
BRDA:167,27,1,0
BRDA:167,28,0,0
BRDA:167,28,1,0
BRDA:172,29,0,0
BRDA:172,29,1,0
BRDA:172,30,0,0
BRDA:172,30,1,0
BRDA:180,31,0,0
BRDA:180,31,1,0
BRDA:208,32,0,0
BRDA:208,32,1,0
BRDA:217,33,0,0
BRDA:217,33,1,0
BRDA:217,34,0,0
BRDA:217,34,1,0
BRDA:222,35,0,0
BRDA:222,35,1,0
BRDA:222,36,0,0
BRDA:222,36,1,0
BRF:75
BRH:0
end_of_record
