TN:
SF:services/analyzer.js
FN:11,(anonymous_0)
FN:31,(anonymous_1)
FN:49,(anonymous_2)
FN:105,(anonymous_3)
FN:111,(anonymous_4)
FNF:5
FNH:5
FNDA:10,(anonymous_0)
FNDA:3,(anonymous_1)
FNDA:6,(anonymous_2)
FNDA:13,(anonymous_3)
FNDA:26,(anonymous_4)
DA:13,10
DA:14,10
DA:16,10
DA:18,3
DA:19,7
DA:21,6
DA:23,1
DA:32,3
DA:33,3
DA:35,3
DA:36,3
DA:38,3
DA:39,3
DA:41,3
DA:50,6
DA:52,6
DA:57,6
DA:58,6
DA:60,6
DA:61,6
DA:67,6
DA:68,6
DA:71,6
DA:72,6
DA:73,6
DA:76,6
DA:77,0
DA:78,0
DA:82,6
DA:85,6
DA:87,1
DA:88,5
DA:90,1
DA:93,6
DA:94,6
DA:95,6
DA:97,6
DA:106,13
DA:107,13
DA:108,13
DA:109,13
DA:111,13
DA:113,26
DA:114,25
DA:115,25
DA:116,25
DA:117,25
DA:118,25
DA:122,13
DA:126,13
LF:50
LH:48
BRDA:16,0,0,3
BRDA:16,0,1,7
BRDA:16,1,0,10
BRDA:16,1,1,4
BRDA:19,2,0,6
BRDA:19,2,1,1
BRDA:19,3,0,7
BRDA:19,3,1,6
BRDA:76,4,0,0
BRDA:76,4,1,6
BRDA:85,5,0,1
BRDA:85,5,1,5
BRDA:85,6,0,6
BRDA:85,6,1,2
BRDA:85,6,2,1
BRDA:85,6,3,0
BRDA:88,7,0,1
BRDA:88,7,1,4
BRDA:113,8,0,25
BRDA:113,8,1,1
BRDA:114,9,0,25
BRDA:114,9,1,0
BRDA:115,10,0,25
BRDA:115,10,1,8
BRDA:116,11,0,25
BRDA:116,11,1,0
BRDA:116,12,0,25
BRDA:116,12,1,8
BRDA:122,13,0,11
BRDA:122,13,1,2
BRF:30
BRH:26
end_of_record
TN:
SF:services/github.js
FN:4,(anonymous_0)
FN:16,(anonymous_1)
FN:51,(anonymous_2)
FN:73,(anonymous_3)
FN:103,(anonymous_4)
FNF:5
FNH:1
FNDA:15,(anonymous_0)
FNDA:0,(anonymous_1)
FNDA:0,(anonymous_2)
FNDA:0,(anonymous_3)
FNDA:0,(anonymous_4)
DA:5,15
DA:6,15
DA:7,15
DA:17,0
DA:18,0
DA:19,0
DA:20,0
DA:22,0
DA:23,0
DA:32,0
DA:33,0
DA:35,0
DA:37,0
DA:38,0
DA:40,0
DA:44,0
DA:46,0
DA:47,0
DA:52,0
DA:53,0
DA:54,0
DA:55,0
DA:56,0
DA:57,0
DA:59,0
DA:60,0
DA:69,0
DA:70,0
DA:73,0
DA:74,0
DA:75,0
DA:78,0
DA:82,0
DA:83,0
DA:86,0
DA:87,0
DA:88,0
DA:90,0
DA:96,0
DA:98,0
DA:99,0
DA:104,0
DA:105,0
DA:106,0
DA:108,0
DA:109,0
LF:46
LH:3
BRDA:32,0,0,0
BRDA:32,0,1,0
BRDA:37,1,0,0
BRDA:37,1,1,0
BRDA:69,2,0,0
BRDA:69,2,1,0
BRDA:75,3,0,0
BRDA:75,3,1,0
BRDA:82,4,0,0
BRDA:82,4,1,0
BRDA:87,5,0,0
BRDA:87,5,1,0
BRF:12
BRH:0
end_of_record
TN:
SF:services/suspiciousActivityDetector.js
FN:2,(anonymous_0)
FN:27,(anonymous_1)
FN:36,(anonymous_2)
FN:41,(anonymous_3)
FN:42,(anonymous_4)
FN:70,(anonymous_5)
FN:127,(anonymous_6)
FN:165,(anonymous_7)
FN:205,(anonymous_8)
FN:206,(anonymous_9)
FN:206,(anonymous_10)
FN:216,(anonymous_11)
FN:221,(anonymous_12)
FN:243,(anonymous_13)
FNF:14
FNH:14
FNDA:26,(anonymous_0)
FNDA:22,(anonymous_1)
FNDA:29,(anonymous_2)
FNDA:49,(anonymous_3)
FNDA:49,(anonymous_4)
FNDA:49,(anonymous_5)
FNDA:5,(anonymous_6)
FNDA:49,(anonymous_7)
FNDA:4,(anonymous_8)
FNDA:6,(anonymous_9)
FNDA:4,(anonymous_10)
FNDA:5,(anonymous_11)
FNDA:1,(anonymous_12)
FNDA:6,(anonymous_13)
DA:3,26
DA:28,22
DA:29,2
DA:32,20
DA:33,20
DA:36,20
DA:37,29
DA:41,49
DA:42,49
DA:43,20
DA:46,20
DA:47,10
DA:48,10
DA:49,10
DA:51,10
DA:53,5
DA:54,5
DA:56,5
DA:57,5
DA:59,5
DA:65,5
DA:70,20
DA:71,49
DA:72,49
DA:73,11
DA:79,11
DA:84,20
DA:85,7
DA:86,7
DA:87,7
DA:93,7
DA:98,20
DA:99,18
DA:100,18
DA:101,3
DA:107,3
DA:109,2
DA:111,2
DA:117,2
DA:121,20
DA:122,13
DA:123,13
DA:124,13
DA:127,13
DA:128,13
DA:131,1
DA:137,1
DA:141,13
DA:142,19
DA:143,19
DA:144,19
DA:145,19
DA:147,19
DA:148,15
DA:149,15
DA:150,6
DA:156,6
DA:157,6
DA:164,20
DA:165,20
DA:166,49
DA:167,49
DA:168,24
DA:172,20
DA:173,10
DA:179,10
DA:180,10
DA:181,0
DA:187,0
DA:190,20
DA:206,6
DA:208,4
DA:209,1
DA:210,1
DA:213,3
DA:214,3
DA:216,3
DA:217,5
DA:218,5
DA:219,5
DA:221,5
DA:222,1
DA:223,1
DA:227,3
DA:228,3
DA:231,3
DA:232,3
DA:234,3
DA:235,3
DA:244,6
DA:245,6
DA:246,6
DA:247,6
DA:248,6
DA:249,6
LF:95
LH:93
BRDA:28,0,0,2
BRDA:28,0,1,20
BRDA:28,1,0,22
BRDA:28,1,1,22
BRDA:41,2,0,49
BRDA:41,2,1,0
BRDA:42,3,0,49
BRDA:42,3,1,4
BRDA:46,4,0,10
BRDA:46,4,1,10
BRDA:51,5,0,5
BRDA:51,5,1,5
BRDA:51,6,0,10
BRDA:51,6,1,8
BRDA:53,7,0,4
BRDA:53,7,1,1
BRDA:53,8,0,0
BRDA:53,8,1,1
BRDA:71,9,0,49
BRDA:71,9,1,0
BRDA:71,10,0,49
BRDA:71,10,1,4
BRDA:72,11,0,11
BRDA:72,11,1,38
BRDA:84,12,0,7
BRDA:84,12,1,13
BRDA:84,13,0,20
BRDA:84,13,1,7
BRDA:85,14,0,7
BRDA:85,14,1,0
BRDA:86,15,0,7
BRDA:86,15,1,0
BRDA:98,16,0,18
BRDA:98,16,1,2
BRDA:100,17,0,3
BRDA:100,17,1,15
BRDA:109,18,0,2
BRDA:109,18,1,0
BRDA:121,19,0,13
BRDA:121,19,1,7
BRDA:128,20,0,1
BRDA:128,20,1,12
BRDA:128,21,0,13
BRDA:128,21,1,5
BRDA:128,21,2,2
BRDA:145,22,0,19
BRDA:145,22,1,0
BRDA:145,23,0,19
BRDA:145,23,1,0
BRDA:147,24,0,15
BRDA:147,24,1,4
BRDA:149,25,0,6
BRDA:149,25,1,9
BRDA:166,26,0,49
BRDA:166,26,1,13
BRDA:167,27,0,24
BRDA:167,27,1,25
BRDA:167,28,0,49
BRDA:167,28,1,36
BRDA:172,29,0,10
BRDA:172,29,1,10
BRDA:172,30,0,20
BRDA:172,30,1,12
BRDA:180,31,0,0
BRDA:180,31,1,10
BRDA:208,32,0,1
BRDA:208,32,1,3
BRDA:217,33,0,4
BRDA:217,33,1,1
BRDA:217,34,0,1
BRDA:217,34,1,0
BRDA:222,35,0,1
BRDA:222,35,1,0
BRDA:222,36,0,0
BRDA:222,36,1,0
BRF:75
BRH:62
end_of_record
